
RAxML-NG v. 1.2.0 released on 09.05.2023 by The Exelixis Lab.
Developed by: Alexey M. Kozlov and Alexandros Stamatakis.
Contributors: Diego Darriba, Tomas Flouri, Benoit Morel, Sarah Lutteropp, Ben Bettisworth, Julia Haag, Anastasis Togkousidis.
Latest version: https://github.com/amkozlov/raxml-ng
Questions/problems/suggestions? Please visit: https://groups.google.com/forum/#!forum/raxml

System: Apple M1, 8 cores, 8 GB RAM

RAxML-NG was called at 14-Mar-2024 11:26:19 as follows:

./raxml-ng --ancestral --msa ./data/5UTR_IRES2_MUSCLE_Ancestral/GTR+I+G4/5UTR_MUSCLE_ires2_NT.fasta --tree ./data/5UTR_IRES2_MUSCLE_Ancestral/GTR+I+G4/muscle_gtr_5utr_nt_ires2_rooted.treefile --msa-format FASTA --data-type DNA --model GTR+I+G4

Analysis options:
  run mode: Ancestral state reconstruction
  start tree(s): user
  random seed: 1710433579
  tip-inner: ON
  pattern compression: OFF
  per-rate scalers: OFF
  site repeats: OFF
  logLH epsilon: general: 10.000000, brlen-triplet: 1000.000000
  branch lengths: proportional (ML estimate, algorithm: NR-FAST)
  SIMD kernels: SSE3
  parallelization: coarse-grained (auto), PTHREADS (auto)

[00:00:00] Reading alignment from file: ./data/5UTR_IRES2_MUSCLE_Ancestral/GTR+I+G4/5UTR_MUSCLE_ires2_NT.fasta
[00:00:00] Loaded alignment with 35 taxa and 2153 sites

Alignment comprises 1 partitions and 2153 sites

Partition 0: noname
Model: GTR+FO+I+G4m
Alignment sites: 2153
Gaps: 65.49 %
Invariant sites: 24.29 %


NOTE: Binary MSA file created: ./data/5UTR_IRES2_MUSCLE_Ancestral/GTR+I+G4/5UTR_MUSCLE_ires2_NT.fasta.raxml.rba

Parallelization scheme autoconfig: 1 worker(s) x 7 thread(s)

[00:00:00] Loading user starting tree(s) from: ./data/5UTR_IRES2_MUSCLE_Ancestral/GTR+I+G4/muscle_gtr_5utr_nt_ires2_rooted.treefile
Parallel reduction/worker buffer size: 1 KB  / 0 KB

[00:00:00] Data distribution: max. partitions/sites/weight per thread: 1 / 308 / 4928
[00:00:00] Data distribution: max. searches per worker: 1

Starting ML tree search with 1 distinct starting trees

[00:00:00] Tree #1, initial LogLikelihood: -27035.828710

[00:00:00 -27035.828710] Initial branch length optimization
[00:00:00 -27021.984488] Model parameter optimization (eps = 10.000000)

[00:00:06] Tree #1, final logLikelihood: -26492.999289


Optimized model parameters:

   Partition 0: noname
   Rate heterogeneity: GAMMA (4 cats, mean),  alpha: 1.740513 (ML),  weights&rates: (0.250000,0.260202) (0.250000,0.624242) (0.250000,1.061899) (0.250000,2.053657) 
   P-inv (ML): 0.007333
   Base frequencies (ML): 0.225382 0.268275 0.233025 0.273318 
   Substitution rates (ML): 0.883296 2.356338 1.272341 0.795585 2.497607 1.000000 

Marginal ancestral probabilities saved to: /Users/haileylouw/Desktop/ViralAncestral/results/raxml-ng/data/5UTR_IRES2_MUSCLE_Ancestral/GTR+I+G4/5UTR_MUSCLE_ires2_NT.fasta.raxml.ancestralProbs
Reconstructed ancestral sequences saved to: /Users/haileylouw/Desktop/ViralAncestral/results/raxml-ng/data/5UTR_IRES2_MUSCLE_Ancestral/GTR+I+G4/5UTR_MUSCLE_ires2_NT.fasta.raxml.ancestralStates
Node-labeled tree saved to: /Users/haileylouw/Desktop/ViralAncestral/results/raxml-ng/data/5UTR_IRES2_MUSCLE_Ancestral/GTR+I+G4/5UTR_MUSCLE_ires2_NT.fasta.raxml.ancestralTree

Execution log saved to: /Users/haileylouw/Desktop/ViralAncestral/results/raxml-ng/data/5UTR_IRES2_MUSCLE_Ancestral/GTR+I+G4/5UTR_MUSCLE_ires2_NT.fasta.raxml.log

Analysis started: 14-Mar-2024 11:26:19 / finished: 14-Mar-2024 11:26:26

Elapsed time: 7.460 seconds

