IQ-TREE multicore version 2.2.2.6 COVID-edition for Mac OS X 64-bit built May 27 2023
Developed by Bui Quang Minh, James Barbetti, Nguyen Lam Tung,
Olga Chernomor, Heiko Schmidt, Dominik Schrempf, Michael Woodhams, Ly Trong Nhan.

Host:    Haileys-MacBook-Pro.local (SSE4.2, 8 GB RAM)
Command: ./iqtree2 -s /Users/haileylouw/Desktop/ViralAncestral/data/Replicase_Gene/Aligned_Sequences/MACSE_Default/Rep_MACSE_Default_ires3_NT.fasta -m MFP -m GTR+I+G
Seed:    298563 (Using SPRNG - Scalable Parallel Random Number Generator)
Time:    Thu Jul 20 14:33:15 2023
Kernel:  SSE2 - 1 threads (8 CPU cores detected)

HINT: Use -nt option to specify number of threads because your CPU has 8 cores!
HINT: -nt AUTO will automatically determine the best number of threads to use.

Reading alignment file /Users/haileylouw/Desktop/ViralAncestral/data/Replicase_Gene/Aligned_Sequences/MACSE_Default/Rep_MACSE_Default_ires3_NT.fasta ... Fasta format detected
Reading fasta file: done in 0.000386 secs using 89.9% CPU
Alignment most likely contains DNA/RNA sequences
Constructing alignment: done in 0.00120306 secs using 71.48% CPU
Alignment has 3 sequences with 1470 columns, 69 distinct patterns
0 parsimony-informative, 785 singleton sites, 685 constant sites
WARNING: Some sequence names are changed as follows:
NC_001489, -> NC_001489_
NC_028981, -> NC_028981_
NC_027818, -> NC_027818_

            Gap/Ambiguity  Composition  p-value
Analyzing sequences: done in 1.78814e-05 secs using 55.92% CPU
   1  NC_001489_    0.20%    passed     32.47%
   2  NC_028981_    0.00%    passed     54.52%
   3  NC_027818_    0.20%    passed     49.00%
****  TOTAL         0.14%  0 sequences failed composition chi2 test (p-value<5%; df=3)
Checking for duplicate sequences: done in 0.000111103 secs using 14.4% CPU

Create initial parsimony tree by phylogenetic likelihood library (PLL)... 0.001 seconds

NOTE: 0 MB RAM (0 GB) is required!
Estimate model parameters (epsilon = 0.100)
Thoroughly optimizing +I+G parameters from 10 start values...
Init pinv, alpha: 0.000, 1.000 / Estimate: 0.000, 1.457 / LogL: -4948.626
Init pinv, alpha: 0.052, 1.000 / Estimate: 0.053, 1.883 / LogL: -4948.633
Init pinv, alpha: 0.104, 1.000 / Estimate: 0.108, 2.853 / LogL: -4948.585
Init pinv, alpha: 0.155, 1.000 / Estimate: 0.161, 6.551 / LogL: -4948.516
Init pinv, alpha: 0.207, 1.000 / Estimate: 0.208, 998.601 / LogL: -4948.552
Init pinv, alpha: 0.259, 1.000 / Estimate: 0.230, 998.951 / LogL: -4948.945
Init pinv, alpha: 0.311, 1.000 / Estimate: 0.232, 998.364 / LogL: -4948.986
Init pinv, alpha: 0.362, 1.000 / Estimate: 0.231, 998.766 / LogL: -4948.973
Init pinv, alpha: 0.414, 1.000 / Estimate: 0.290, 4.420 / LogL: -4960.983
Init pinv, alpha: 0.466, 1.000 / Estimate: 0.285, 3.908 / LogL: -4960.851
Optimal pinv,alpha: 0.161, 6.551 / LogL: -4948.516

Parameters optimization took 0.082 sec
Wrote distance file to... 
Computing ML distances based on estimated model parameters...
Calculating distance matrix: done in 0.00066185 secs using 9.67% CPU
Computing ML distances took 0.000746 sec (of wall-clock time) 0.000127 sec (of CPU time)
Setting up auxiliary I and S matrices: done in 2.28882e-05 secs using 78.64% CPU
Constructing RapidNJ tree: done in 1.90735e-06 secs using 367% CPU
Computing RapidNJ tree took 0.000088 sec (of wall-clock time) 0.000118 sec (of CPU time)
Log-likelihood of RapidNJ tree: -4948.516
--------------------------------------------------------------------
|             INITIALIZING CANDIDATE TREE SET                      |
--------------------------------------------------------------------
Generating 99 parsimony trees... 0.010 second
Current best score: -4948.516

Do NNI search on 1 best initial trees
Optimizing NNI: done in 5.29289e-05 secs using 90.69% CPU
Finish initializing candidate tree set (1)
Current best tree score: -4948.516 / CPU time: 0.011
Number of iterations: 1
--------------------------------------------------------------------
|               OPTIMIZING CANDIDATE TREE SET                      |
--------------------------------------------------------------------
Optimizing NNI: done in 3.09944e-06 secs using 64.53% CPU
Optimizing NNI: done in 2.14577e-06 secs using 93.21% CPU
Optimizing NNI: done in 1.90735e-06 secs using 52.43% CPU
Optimizing NNI: done in 9.53674e-07 secs using 104.9% CPU
Optimizing NNI: done in 2.14577e-06 secs using 46.6% CPU
Optimizing NNI: done in 1.90735e-06 secs using 262.1% CPU
Optimizing NNI: done in 2.14577e-06 secs using 46.6% CPU
Optimizing NNI: done in 2.14577e-06 secs using 46.6% CPU
Optimizing NNI: done in 1.90735e-06 secs using 314.6% CPU
Iteration 10 / LogL: -4948.516 / Time: 0h:0m:0s
Optimizing NNI: done in 2.14577e-06 secs using 46.6% CPU
Optimizing NNI: done in 2.14577e-06 secs using 93.21% CPU
Optimizing NNI: done in 9.53674e-07 secs using 104.9% CPU
Optimizing NNI: done in 1.90735e-06 secs using 262.1% CPU
Optimizing NNI: done in 9.53674e-07 secs using 629.1% CPU
Optimizing NNI: done in 9.53674e-07 secs using 629.1% CPU
Optimizing NNI: done in 2.14577e-06 secs using 46.6% CPU
Optimizing NNI: done in 2.14577e-06 secs using 46.6% CPU
Optimizing NNI: done in 1.90735e-06 secs using 52.43% CPU
Optimizing NNI: done in 1.90735e-06 secs using 52.43% CPU
Iteration 20 / LogL: -4948.516 / Time: 0h:0m:0s
Optimizing NNI: done in 1.90735e-06 secs using 52.43% CPU
Optimizing NNI: done in 2.14577e-06 secs using 279.6% CPU
Optimizing NNI: done in 2.14577e-06 secs using 46.6% CPU
Optimizing NNI: done in 1.90735e-06 secs using 52.43% CPU
Optimizing NNI: done in 2.14577e-06 secs using 279.6% CPU
Optimizing NNI: done in 1.90735e-06 secs using 262.1% CPU
Optimizing NNI: done in 9.53674e-07 secs using 629.1% CPU
Optimizing NNI: done in 1.90735e-06 secs using 314.6% CPU
Optimizing NNI: done in 9.53674e-07 secs using 104.9% CPU
Optimizing NNI: done in 1.19209e-06 secs using 419.4% CPU
Iteration 30 / LogL: -4948.516 / Time: 0h:0m:0s (0h:0m:0s left)
Optimizing NNI: done in 2.14577e-06 secs using 46.6% CPU
Optimizing NNI: done in 2.14577e-06 secs using 46.6% CPU
Optimizing NNI: done in 1.90735e-06 secs using 52.43% CPU
Optimizing NNI: done in 2.14577e-06 secs using 46.6% CPU
Optimizing NNI: done in 1.19209e-06 secs using 419.4% CPU
Optimizing NNI: done in 9.53674e-07 secs using 629.1% CPU
Optimizing NNI: done in 9.53674e-07 secs using 104.9% CPU
Optimizing NNI: done in 1.19209e-06 secs using 503.3% CPU
Optimizing NNI: done in 1.19209e-06 secs using 83.89% CPU
Optimizing NNI: done in 1.90735e-06 secs using 104.9% CPU
Iteration 40 / LogL: -4948.516 / Time: 0h:0m:0s (0h:0m:0s left)
Optimizing NNI: done in 1.90735e-06 secs using 52.43% CPU
Optimizing NNI: done in 9.53674e-07 secs using 104.9% CPU
Optimizing NNI: done in 2.14577e-06 secs using 46.6% CPU
Optimizing NNI: done in 9.53674e-07 secs using 629.1% CPU
Optimizing NNI: done in 1.90735e-06 secs using 52.43% CPU
Optimizing NNI: done in 9.53674e-07 secs using 629.1% CPU
Optimizing NNI: done in 2.14577e-06 secs using 46.6% CPU
Optimizing NNI: done in 9.53674e-07 secs using 524.3% CPU
Optimizing NNI: done in 9.53674e-07 secs using 629.1% CPU
Optimizing NNI: done in 1.90735e-06 secs using 52.43% CPU
Iteration 50 / LogL: -4948.516 / Time: 0h:0m:0s (0h:0m:0s left)
Optimizing NNI: done in 1.90735e-06 secs using 52.43% CPU
Optimizing NNI: done in 2.14577e-06 secs using 46.6% CPU
Optimizing NNI: done in 9.53674e-07 secs using 104.9% CPU
Optimizing NNI: done in 1.90735e-06 secs using 52.43% CPU
Optimizing NNI: done in 9.53674e-07 secs using 104.9% CPU
Optimizing NNI: done in 9.53674e-07 secs using 104.9% CPU
Optimizing NNI: done in 2.14577e-06 secs using 233% CPU
Optimizing NNI: done in 9.53674e-07 secs using 104.9% CPU
Optimizing NNI: done in 1.90735e-06 secs using 52.43% CPU
Optimizing NNI: done in 9.53674e-07 secs using 629.1% CPU
Iteration 60 / LogL: -4948.516 / Time: 0h:0m:0s (0h:0m:0s left)
Optimizing NNI: done in 1.90735e-06 secs using 104.9% CPU
Optimizing NNI: done in 1.90735e-06 secs using 52.43% CPU
Optimizing NNI: done in 1.90735e-06 secs using 52.43% CPU
Optimizing NNI: done in 9.53674e-07 secs using 629.1% CPU
Optimizing NNI: done in 2.14577e-06 secs using 279.6% CPU
Optimizing NNI: done in 2.14577e-06 secs using 46.6% CPU
Optimizing NNI: done in 1.90735e-06 secs using 52.43% CPU
Optimizing NNI: done in 1.90735e-06 secs using 52.43% CPU
Optimizing NNI: done in 2.14577e-06 secs using 46.6% CPU
Optimizing NNI: done in 1.19209e-06 secs using 83.89% CPU
Iteration 70 / LogL: -4948.516 / Time: 0h:0m:0s (0h:0m:0s left)
Optimizing NNI: done in 1.90735e-06 secs using 52.43% CPU
Optimizing NNI: done in 1.90735e-06 secs using 52.43% CPU
Optimizing NNI: done in 9.53674e-07 secs
Optimizing NNI: done in 2.14577e-06 secs using 279.6% CPU
Optimizing NNI: done in 1.90735e-06 secs using 52.43% CPU
Optimizing NNI: done in 1.90735e-06 secs using 314.6% CPU
Optimizing NNI: done in 1.90735e-06 secs using 52.43% CPU
Optimizing NNI: done in 9.53674e-07 secs using 104.9% CPU
Optimizing NNI: done in 9.53674e-07 secs using 104.9% CPU
Optimizing NNI: done in 9.53674e-07 secs using 629.1% CPU
Iteration 80 / LogL: -4948.516 / Time: 0h:0m:0s (0h:0m:0s left)
Optimizing NNI: done in 1.19209e-06 secs using 419.4% CPU
Optimizing NNI: done in 3.09944e-06 secs using 193.6% CPU
Optimizing NNI: done in 2.14577e-06 secs using 46.6% CPU
Optimizing NNI: done in 2.14577e-06 secs using 46.6% CPU
Optimizing NNI: done in 1.90735e-06 secs using 52.43% CPU
Optimizing NNI: done in 1.90735e-06 secs using 52.43% CPU
Optimizing NNI: done in 1.90735e-06 secs using 52.43% CPU
Optimizing NNI: done in 2.14577e-06 secs using 93.21% CPU
Optimizing NNI: done in 9.53674e-07 secs using 524.3% CPU
Optimizing NNI: done in 9.53674e-07 secs using 104.9% CPU
Iteration 90 / LogL: -4948.516 / Time: 0h:0m:0s (0h:0m:0s left)
Optimizing NNI: done in 1.90735e-06 secs using 314.6% CPU
Optimizing NNI: done in 2.14577e-06 secs using 46.6% CPU
Optimizing NNI: done in 2.14577e-06 secs using 93.21% CPU
Optimizing NNI: done in 1.90735e-06 secs using 262.1% CPU
Optimizing NNI: done in 9.53674e-07 secs using 104.9% CPU
Optimizing NNI: done in 9.53674e-07 secs using 524.3% CPU
Optimizing NNI: done in 1.90735e-06 secs using 52.43% CPU
Optimizing NNI: done in 1.90735e-06 secs using 314.6% CPU
Optimizing NNI: done in 9.53674e-07 secs using 209.7% CPU
Optimizing NNI: done in 2.14577e-06 secs using 279.6% CPU
Iteration 100 / LogL: -4948.516 / Time: 0h:0m:0s (0h:0m:0s left)
Optimizing NNI: done in 2.14577e-06 secs using 46.6% CPU
TREE SEARCH COMPLETED AFTER 101 ITERATIONS / Time: 0h:0m:0s

--------------------------------------------------------------------
|                    FINALIZING TREE SEARCH                        |
--------------------------------------------------------------------
Performs final model parameters optimization
Estimate model parameters (epsilon = 0.010)
1. Initial log-likelihood: -4948.516
2. Current log-likelihood: -4948.498
3. Current log-likelihood: -4948.477
4. Current log-likelihood: -4948.466
Optimal log-likelihood: -4948.458
Rate parameters:  A-C: 2.07314  A-G: 3.11281  A-T: 1.90843  C-G: 1.33418  C-T: 2.59201  G-T: 1.00000
Base frequencies:  A: 0.306  C: 0.152  G: 0.207  T: 0.334
Proportion of invariable sites: 0.162
Gamma shape alpha: 9.036
Parameters optimization took 4 rounds (0.002 sec)
BEST SCORE FOUND : -4948.458
Total tree length: 1.002

Total number of iterations: 101
CPU time used for tree search: 0.038 sec (0h:0m:0s)
Wall-clock time used for tree search: 0.020 sec (0h:0m:0s)
Total CPU time used: 0.147 sec (0h:0m:0s)
Total wall-clock time used: 0.138 sec (0h:0m:0s)

Analysis results written to: 
  IQ-TREE report:                /Users/haileylouw/Desktop/ViralAncestral/data/Replicase_Gene/Aligned_Sequences/MACSE_Default/Rep_MACSE_Default_ires3_NT.fasta.iqtree
  Maximum-likelihood tree:       /Users/haileylouw/Desktop/ViralAncestral/data/Replicase_Gene/Aligned_Sequences/MACSE_Default/Rep_MACSE_Default_ires3_NT.fasta.treefile
  Likelihood distances:          /Users/haileylouw/Desktop/ViralAncestral/data/Replicase_Gene/Aligned_Sequences/MACSE_Default/Rep_MACSE_Default_ires3_NT.fasta.mldist
  Screen log file:               /Users/haileylouw/Desktop/ViralAncestral/data/Replicase_Gene/Aligned_Sequences/MACSE_Default/Rep_MACSE_Default_ires3_NT.fasta.log

Date and Time: Thu Jul 20 14:33:15 2023
