
RAxML-NG v. 1.2.0 released on 09.05.2023 by The Exelixis Lab.
Developed by: Alexey M. Kozlov and Alexandros Stamatakis.
Contributors: Diego Darriba, Tomas Flouri, Benoit Morel, Sarah Lutteropp, Ben Bettisworth, Julia Haag, Anastasis Togkousidis.
Latest version: https://github.com/amkozlov/raxml-ng
Questions/problems/suggestions? Please visit: https://groups.google.com/forum/#!forum/raxml

System: Apple M1, 8 cores, 8 GB RAM

RAxML-NG was called at 27-Sep-2024 12:12:29 as follows:

./Q.yeast+R3/raxml-ng/raxml-ng --ancestral --msa ./Q.yeast+R3/ires1_REP_AA_with_outgroup_aligned.fasta --tree ./Q.yeast+R3/muscle_q_rep_aa_ires1_rooted.treefile --msa-format FASTA --data-type DNA --model Q.yeast+R3

Analysis options:
  run mode: Ancestral state reconstruction
  start tree(s): user
  random seed: 1727457149
  tip-inner: ON
  pattern compression: OFF
  per-rate scalers: OFF
  site repeats: OFF
  logLH epsilon: general: 10.000000, brlen-triplet: 1000.000000
  branch lengths: proportional (ML estimate, algorithm: NR-FAST)
  SIMD kernels: SSE3
  parallelization: coarse-grained (auto), PTHREADS (auto)


ERROR: ERROR model initialization |Q.yeast| (LIBPLL-5001): DNA model not found: Q.yeast

