
RAxML-NG v. 1.2.0 released on 09.05.2023 by The Exelixis Lab.
Developed by: Alexey M. Kozlov and Alexandros Stamatakis.
Contributors: Diego Darriba, Tomas Flouri, Benoit Morel, Sarah Lutteropp, Ben Bettisworth, Julia Haag, Anastasis Togkousidis.
Latest version: https://github.com/amkozlov/raxml-ng
Questions/problems/suggestions? Please visit: https://groups.google.com/forum/#!forum/raxml

System: Apple M1, 8 cores, 8 GB RAM

RAxML-NG was called at 27-Sep-2024 15:52:55 as follows:

./SYM+G4/raxml-ng/raxml-ng --ancestral --msa ./SYM+G4/ires1_REP_NT_with_outgroup_aligned.fasta --tree ./SYM+G4/muscle_sym_rep_nt_ires1_rooted.treefile --msa-format FASTA --data-type DNA --model SYM+G4

Analysis options:
  run mode: Ancestral state reconstruction
  start tree(s): user
  random seed: 1727470375
  tip-inner: ON
  pattern compression: OFF
  per-rate scalers: OFF
  site repeats: OFF
  logLH epsilon: general: 10.000000, brlen-triplet: 1000.000000
  branch lengths: proportional (ML estimate, algorithm: NR-FAST)
  SIMD kernels: SSE3
  parallelization: coarse-grained (auto), PTHREADS (auto)

[00:00:00] Reading alignment from file: ./SYM+G4/ires1_REP_NT_with_outgroup_aligned.fasta
[00:00:00] Loaded alignment with 18 taxa and 3219 sites

Alignment comprises 1 partitions and 3219 sites

Partition 0: noname
Model: SYM+G4m
Alignment sites: 3219
Gaps: 53.41 %
Invariant sites: 54.77 %


NOTE: Binary MSA file already exists: ./SYM+G4/ires1_REP_NT_with_outgroup_aligned.fasta.raxml.rba

Parallelization scheme autoconfig: 1 worker(s) x 8 thread(s)

[00:00:00] Loading user starting tree(s) from: ./SYM+G4/muscle_sym_rep_nt_ires1_rooted.treefile
Parallel reduction/worker buffer size: 1 KB  / 0 KB

[00:00:00] Data distribution: max. partitions/sites/weight per thread: 1 / 403 / 6448
[00:00:00] Data distribution: max. searches per worker: 1

Starting ML tree search with 1 distinct starting trees

[00:00:00] Tree #1, initial LogLikelihood: -24815.321648

[00:00:00 -24815.321648] Initial branch length optimization
[00:00:00 -24710.183215] Model parameter optimization (eps = 10.000000)

[00:00:01] Tree #1, final logLikelihood: -24163.338664


Optimized model parameters:

   Partition 0: noname
   Rate heterogeneity: GAMMA (4 cats, mean),  alpha: 0.642026 (ML),  weights&rates: (0.250000,0.061876) (0.250000,0.334843) (0.250000,0.901333) (0.250000,2.701949) 
   Base frequencies (model): 0.250000 0.250000 0.250000 0.250000 
   Substitution rates (ML): 4.170247 7.429882 4.591873 1.965405 12.154115 1.000000 

Marginal ancestral probabilities saved to: /Users/haileylouw/Desktop/ViralAncestral/Results_Fall_2024/Replicase_Gene/SYM+G4/ires1_REP_NT_with_outgroup_aligned.fasta.raxml.ancestralProbs
Reconstructed ancestral sequences saved to: /Users/haileylouw/Desktop/ViralAncestral/Results_Fall_2024/Replicase_Gene/SYM+G4/ires1_REP_NT_with_outgroup_aligned.fasta.raxml.ancestralStates
Node-labeled tree saved to: /Users/haileylouw/Desktop/ViralAncestral/Results_Fall_2024/Replicase_Gene/SYM+G4/ires1_REP_NT_with_outgroup_aligned.fasta.raxml.ancestralTree

Execution log saved to: /Users/haileylouw/Desktop/ViralAncestral/Results_Fall_2024/Replicase_Gene/SYM+G4/ires1_REP_NT_with_outgroup_aligned.fasta.raxml.log

Analysis started: 27-Sep-2024 15:52:55 / finished: 27-Sep-2024 15:52:56

Elapsed time: 1.643 seconds

