
RAxML-NG v. 1.2.0 released on 09.05.2023 by The Exelixis Lab.
Developed by: Alexey M. Kozlov and Alexandros Stamatakis.
Contributors: Diego Darriba, Tomas Flouri, Benoit Morel, Sarah Lutteropp, Ben Bettisworth, Julia Haag, Anastasis Togkousidis.
Latest version: https://github.com/amkozlov/raxml-ng
Questions/problems/suggestions? Please visit: https://groups.google.com/forum/#!forum/raxml

System: Apple M1, 8 cores, 8 GB RAM

RAxML-NG was called at 14-Mar-2024 11:16:18 as follows:

./raxml-ng --ancestral --msa ./data/5UTR_IRES1_MUSCLE_Ancestral/GTR+I+G4/5UTR_MUSCLE_ires1_NT.fasta --tree ./data/5UTR_IRES1_MUSCLE_Ancestral/GTR+I+G4/muscle_gtr_5utr_nt_ires1_rooted.treefile --msa-format FASTA --data-type DNA --model GTR+I+G4

Analysis options:
  run mode: Ancestral state reconstruction
  start tree(s): user
  random seed: 1710432978
  tip-inner: ON
  pattern compression: OFF
  per-rate scalers: OFF
  site repeats: OFF
  logLH epsilon: general: 10.000000, brlen-triplet: 1000.000000
  branch lengths: proportional (ML estimate, algorithm: NR-FAST)
  SIMD kernels: SSE3
  parallelization: coarse-grained (auto), PTHREADS (auto)

[00:00:00] Reading alignment from file: ./data/5UTR_IRES1_MUSCLE_Ancestral/GTR+I+G4/5UTR_MUSCLE_ires1_NT.fasta
[00:00:00] Loaded alignment with 22 taxa and 1096 sites

Alignment comprises 1 partitions and 1096 sites

Partition 0: noname
Model: GTR+FO+I+G4m
Alignment sites: 1096
Gaps: 33.45 %
Invariant sites: 26.82 %


NOTE: Binary MSA file created: ./data/5UTR_IRES1_MUSCLE_Ancestral/GTR+I+G4/5UTR_MUSCLE_ires1_NT.fasta.raxml.rba

Parallelization scheme autoconfig: 1 worker(s) x 8 thread(s)

[00:00:00] Loading user starting tree(s) from: ./data/5UTR_IRES1_MUSCLE_Ancestral/GTR+I+G4/muscle_gtr_5utr_nt_ires1_rooted.treefile
Parallel reduction/worker buffer size: 1 KB  / 0 KB

[00:00:00] Data distribution: max. partitions/sites/weight per thread: 1 / 137 / 2192
[00:00:00] Data distribution: max. searches per worker: 1

Starting ML tree search with 1 distinct starting trees

[00:00:00] Tree #1, initial LogLikelihood: -12064.677606

[00:00:00 -12064.677606] Initial branch length optimization
[00:00:00 -12061.550073] Model parameter optimization (eps = 10.000000)

[00:00:09] Tree #1, final logLikelihood: -11833.581135


Optimized model parameters:

   Partition 0: noname
   Rate heterogeneity: GAMMA (4 cats, mean),  alpha: 0.989409 (ML),  weights&rates: (0.250000,0.134836) (0.250000,0.473545) (0.250000,0.998223) (0.250000,2.393397) 
   P-inv (ML): 0.059080
   Base frequencies (ML): 0.235046 0.248971 0.230833 0.285150 
   Substitution rates (ML): 1.401008 2.689309 2.174358 0.884872 3.782754 1.000000 

Marginal ancestral probabilities saved to: /Users/haileylouw/Desktop/ViralAncestral/results/raxml-ng/data/5UTR_IRES1_MUSCLE_Ancestral/GTR+I+G4/5UTR_MUSCLE_ires1_NT.fasta.raxml.ancestralProbs
Reconstructed ancestral sequences saved to: /Users/haileylouw/Desktop/ViralAncestral/results/raxml-ng/data/5UTR_IRES1_MUSCLE_Ancestral/GTR+I+G4/5UTR_MUSCLE_ires1_NT.fasta.raxml.ancestralStates
Node-labeled tree saved to: /Users/haileylouw/Desktop/ViralAncestral/results/raxml-ng/data/5UTR_IRES1_MUSCLE_Ancestral/GTR+I+G4/5UTR_MUSCLE_ires1_NT.fasta.raxml.ancestralTree

Execution log saved to: /Users/haileylouw/Desktop/ViralAncestral/results/raxml-ng/data/5UTR_IRES1_MUSCLE_Ancestral/GTR+I+G4/5UTR_MUSCLE_ires1_NT.fasta.raxml.log

Analysis started: 14-Mar-2024 11:16:18 / finished: 14-Mar-2024 11:16:27

Elapsed time: 9.534 seconds

