IQ-TREE multicore version 2.2.2.6 COVID-edition for Mac OS X 64-bit built May 27 2023
Developed by Bui Quang Minh, James Barbetti, Nguyen Lam Tung,
Olga Chernomor, Heiko Schmidt, Dominik Schrempf, Michael Woodhams, Ly Trong Nhan.

Host:    Haileys-MacBook-Pro.local (SSE4.2, 8 GB RAM)
Command: ./iqtree2 -s /Users/haileylouw/Desktop/ViralAncestral/data/Replicase_Gene/IRES_Subtypes/Replicase_ires1_NT.fasta -m MFP -m GTR+I+G -b 100
Seed:    704495 (Using SPRNG - Scalable Parallel Random Number Generator)
Time:    Wed Jul 19 11:31:45 2023
Kernel:  SSE2 - 1 threads (8 CPU cores detected)

HINT: Use -nt option to specify number of threads because your CPU has 8 cores!
HINT: -nt AUTO will automatically determine the best number of threads to use.

Reading alignment file /Users/haileylouw/Desktop/ViralAncestral/data/Replicase_Gene/IRES_Subtypes/Replicase_ires1_NT.fasta ... Fasta format detected
Reading fasta file: done in 0.00203419 secs using 96.7% CPU
ERROR: Sequence NC_001490, contains not enough characters (1380)
ERROR: Sequence NC_009996, contains not enough characters (1380)
ERROR: Sequence NC_001472, contains too many characters (1386)
ERROR: Sequence NC_013695, contains too many characters (1386)
ERROR: Sequence NC_010415, contains too many characters (1386)
ERROR: Sequence NC_003988, contains not enough characters (1377)
ERROR: Sequence NC_001430, contains not enough characters (1371)
ERROR: Sequence NC_001612, contains too many characters (1386)
ERROR: Sequence NC_029905, contains too many characters (1431)
ERROR: Sequence NC_001617, contains not enough characters (1380)
ERROR: Sequence NC_034267, contains too many characters (1434)
ERROR: Sequence NC_030454, contains too many characters (1386)
ERROR: 
