
RAxML-NG v. 1.2.0 released on 09.05.2023 by The Exelixis Lab.
Developed by: Alexey M. Kozlov and Alexandros Stamatakis.
Contributors: Diego Darriba, Tomas Flouri, Benoit Morel, Sarah Lutteropp, Ben Bettisworth, Julia Haag, Anastasis Togkousidis.
Latest version: https://github.com/amkozlov/raxml-ng
Questions/problems/suggestions? Please visit: https://groups.google.com/forum/#!forum/raxml

System: Apple M1, 8 cores, 8 GB RAM

RAxML-NG was called at 09-Feb-2024 13:10:11 as follows:

./raxml-ng --ancestral --msa ./data/5UTR_MUSCLE_ires2_NT_hmm.fasta --tree ./data/5UTR_MUSCLE_ires2_GTR_NT_hmm.fasta.treefile --msa-format FASTA --data-type DNA --model GTR+I+G4

Analysis options:
  run mode: Ancestral state reconstruction
  start tree(s): user
  random seed: 1707505811
  tip-inner: ON
  pattern compression: OFF
  per-rate scalers: OFF
  site repeats: OFF
  logLH epsilon: general: 10.000000, brlen-triplet: 1000.000000
  branch lengths: proportional (ML estimate, algorithm: NR-FAST)
  SIMD kernels: SSE3
  parallelization: coarse-grained (auto), PTHREADS (auto)

[00:00:00] Reading alignment from file: ./data/5UTR_MUSCLE_ires2_NT_hmm.fasta
[00:00:00] Loaded alignment with 35 taxa and 2153 sites

WARNING: Fully undetermined columns found: 1238

WARNING: Fully undetermined sequences found: 2


NOTE: Reduced alignment (with duplicates and gap-only sites/taxa removed) 
NOTE: was saved to: /Users/haileylouw/Desktop/ViralAncestral/data/raxml-ng/data/5UTR_MUSCLE_ires2_NT_hmm.fasta.raxml.reduced.phy

Alignment comprises 1 partitions and 915 sites

Partition 0: noname
Model: GTR+FO+I+G4m
Alignment sites: 915
Gaps: 57.90 %
Invariant sites: 23.83 %


NOTE: Binary MSA file created: ./data/5UTR_MUSCLE_ires2_NT_hmm.fasta.raxml.rba

Parallelization scheme autoconfig: 1 worker(s) x 7 thread(s)

[00:00:00] Loading user starting tree(s) from: ./data/5UTR_MUSCLE_ires2_GTR_NT_hmm.fasta.treefile
Parallel reduction/worker buffer size: 1 KB  / 0 KB

[00:00:00] Data distribution: max. partitions/sites/weight per thread: 1 / 131 / 2096
[00:00:00] Data distribution: max. searches per worker: 1

Starting ML tree search with 1 distinct starting trees

[00:00:00] Tree #1, initial LogLikelihood: -11393.383519

[00:00:00 -11393.383519] Initial branch length optimization
[00:00:00 -11389.956472] Model parameter optimization (eps = 10.000000)

[00:00:00] Tree #1, final logLikelihood: -11188.501485


Optimized model parameters:

   Partition 0: noname
   Rate heterogeneity: GAMMA (4 cats, mean),  alpha: 1.831248 (ML),  weights&rates: (0.250000,0.272263) (0.250000,0.635779) (0.250000,1.065130) (0.250000,2.026827) 
   P-inv (ML): 0.047826
   Base frequencies (ML): 0.222609 0.244155 0.249834 0.283403 
   Substitution rates (ML): 1.089086 2.377545 1.500867 0.980300 2.765744 1.000000 

Marginal ancestral probabilities saved to: /Users/haileylouw/Desktop/ViralAncestral/data/raxml-ng/data/5UTR_MUSCLE_ires2_NT_hmm.fasta.raxml.ancestralProbs
Reconstructed ancestral sequences saved to: /Users/haileylouw/Desktop/ViralAncestral/data/raxml-ng/data/5UTR_MUSCLE_ires2_NT_hmm.fasta.raxml.ancestralStates
Node-labeled tree saved to: /Users/haileylouw/Desktop/ViralAncestral/data/raxml-ng/data/5UTR_MUSCLE_ires2_NT_hmm.fasta.raxml.ancestralTree

Execution log saved to: /Users/haileylouw/Desktop/ViralAncestral/data/raxml-ng/data/5UTR_MUSCLE_ires2_NT_hmm.fasta.raxml.log

Analysis started: 09-Feb-2024 13:10:11 / finished: 09-Feb-2024 13:10:12

Elapsed time: 0.701 seconds

