
RAxML-NG v. 1.2.0 released on 09.05.2023 by The Exelixis Lab.
Developed by: Alexey M. Kozlov and Alexandros Stamatakis.
Contributors: Diego Darriba, Tomas Flouri, Benoit Morel, Sarah Lutteropp, Ben Bettisworth, Julia Haag, Anastasis Togkousidis.
Latest version: https://github.com/amkozlov/raxml-ng
Questions/problems/suggestions? Please visit: https://groups.google.com/forum/#!forum/raxml

System: Apple M1, 8 cores, 8 GB RAM

RAxML-NG was called at 28-Sep-2024 07:41:32 as follows:

./LG+F+I+G4/raxml-ng/raxml-ng --ancestral --msa ./LG+F+I+G4/ires1_REP_AA_with_outgroup_aligned.fasta --tree ./LG+F+I+G4/muscle_lg_rep_aa_ires1_rooted.treefile --msa-format FASTA --data-type AA --model LG+F+I+G4

Analysis options:
  run mode: Ancestral state reconstruction
  start tree(s): user
  random seed: 1727527292
  tip-inner: ON
  pattern compression: OFF
  per-rate scalers: OFF
  site repeats: OFF
  logLH epsilon: general: 10.000000, brlen-triplet: 1000.000000
  branch lengths: proportional (ML estimate, algorithm: NR-FAST)
  SIMD kernels: SSE3
  parallelization: coarse-grained (auto), PTHREADS (auto)

[00:00:00] Reading alignment from file: ./LG+F+I+G4/ires1_REP_AA_with_outgroup_aligned.fasta
[00:00:00] Loaded alignment with 18 taxa and 926 sites

WARNING: Fully undetermined columns found: 1

NOTE: Reduced alignment (with duplicates and gap-only sites/taxa removed) 
NOTE: was saved to: /Users/haileylouw/Desktop/ViralAncestral/Results_Fall_2024/Replicase_Gene/LG+F+I+G4/ires1_REP_AA_with_outgroup_aligned.fasta.raxml.reduced.phy

Alignment comprises 1 partitions and 925 sites

Partition 0: noname
Model: LG+FC+I+G4m
Alignment sites: 925
Gaps: 45.98 %
Invariant sites: 30.16 %


NOTE: Binary MSA file created: ./LG+F+I+G4/ires1_REP_AA_with_outgroup_aligned.fasta.raxml.rba

Parallelization scheme autoconfig: 1 worker(s) x 8 thread(s)

[00:00:00] Loading user starting tree(s) from: ./LG+F+I+G4/muscle_lg_rep_aa_ires1_rooted.treefile
Parallel reduction/worker buffer size: 1 KB  / 0 KB

[00:00:00] Data distribution: max. partitions/sites/weight per thread: 1 / 116 / 9280
[00:00:00] Data distribution: max. searches per worker: 1

Starting ML tree search with 1 distinct starting trees

[00:00:00] Tree #1, initial LogLikelihood: -12102.600289

[00:00:00 -12102.600289] Initial branch length optimization
[00:00:00 -12100.761682] Model parameter optimization (eps = 10.000000)

[00:00:01] Tree #1, final logLikelihood: -12054.706304


Optimized model parameters:

   Partition 0: noname
   Rate heterogeneity: GAMMA (4 cats, mean),  alpha: 0.844979 (ML),  weights&rates: (0.250000,0.105087) (0.250000,0.424632) (0.250000,0.968679) (0.250000,2.501602) 
   P-inv (ML): 0.000000
   Base frequencies (empirical): 0.053363 0.042579 0.045470 0.063480 0.016120 0.020345 0.058255 0.058143 0.026126 0.066370 0.101390 0.077932 0.028571 0.048471 0.048249 0.066926 0.056921 0.014786 0.048916 0.057588 
   Substitution rates (model): 0.425093 0.276818 0.395144 2.489084 0.969894 1.038545 2.066040 0.358858 0.149830 0.395337 0.536518 1.124035 0.253701 1.177651 4.727182 2.139501 0.180717 0.218959 2.547870 0.751878 0.123954 0.534551 2.807908 0.363970 0.390192 2.426601 0.126991 0.301848 6.326067 0.484133 0.052722 0.332533 0.858151 0.578987 0.593607 0.314440 0.170887 5.076149 0.528768 1.695752 0.541712 1.437645 4.509238 0.191503 0.068427 2.145078 0.371004 0.089525 0.161787 4.008358 2.000679 0.045376 0.612025 0.083688 0.062556 0.523386 5.243870 0.844926 0.927114 0.010690 0.015076 0.282959 0.025548 0.017416 0.394456 1.240275 0.425860 0.029890 0.135107 0.037967 0.084808 0.003499 0.569265 0.640543 0.320627 0.594007 0.013266 0.893680 1.105251 0.075382 2.784478 1.143480 0.670128 1.165532 1.959291 4.128591 0.267959 4.813505 0.072854 0.582457 3.234294 1.672569 0.035855 0.624294 1.223828 1.080136 0.236199 0.257336 0.210332 0.348847 0.423881 0.044265 0.069673 1.807177 0.173735 0.018811 0.419409 0.611973 0.604545 0.077852 0.120037 0.245034 0.311484 0.008705 0.044261 0.296636 0.139538 0.089586 0.196961 1.739990 0.129836 0.268491 0.054679 0.076701 0.108882 0.366317 0.697264 0.442472 0.682139 0.508851 0.990012 0.584262 0.597054 5.306834 0.119013 4.145067 0.159069 4.273607 1.112727 0.078281 0.064105 1.033739 0.111660 0.232523 10.649107 0.137500 6.312358 2.592692 0.249060 0.182287 0.302936 0.619632 0.299648 1.702745 0.656604 0.023918 0.390322 0.748683 1.136863 0.049906 0.131932 0.185202 1.798853 0.099849 0.346960 2.020366 0.696175 0.481306 1.898718 0.094464 0.361819 0.165001 2.457121 7.803902 0.654683 1.338132 0.571468 0.095131 0.089613 0.296501 6.472279 0.248862 0.400547 0.098369 0.140825 0.245841 2.188158 3.151815 0.189510 0.249313 

Marginal ancestral probabilities saved to: /Users/haileylouw/Desktop/ViralAncestral/Results_Fall_2024/Replicase_Gene/LG+F+I+G4/ires1_REP_AA_with_outgroup_aligned.fasta.raxml.ancestralProbs
Reconstructed ancestral sequences saved to: /Users/haileylouw/Desktop/ViralAncestral/Results_Fall_2024/Replicase_Gene/LG+F+I+G4/ires1_REP_AA_with_outgroup_aligned.fasta.raxml.ancestralStates
Node-labeled tree saved to: /Users/haileylouw/Desktop/ViralAncestral/Results_Fall_2024/Replicase_Gene/LG+F+I+G4/ires1_REP_AA_with_outgroup_aligned.fasta.raxml.ancestralTree

Execution log saved to: /Users/haileylouw/Desktop/ViralAncestral/Results_Fall_2024/Replicase_Gene/LG+F+I+G4/ires1_REP_AA_with_outgroup_aligned.fasta.raxml.log

Analysis started: 28-Sep-2024 07:41:32 / finished: 28-Sep-2024 07:41:33

Elapsed time: 1.321 seconds

