
RAxML-NG v. 1.2.0 released on 09.05.2023 by The Exelixis Lab.
Developed by: Alexey M. Kozlov and Alexandros Stamatakis.
Contributors: Diego Darriba, Tomas Flouri, Benoit Morel, Sarah Lutteropp, Ben Bettisworth, Julia Haag, Anastasis Togkousidis.
Latest version: https://github.com/amkozlov/raxml-ng
Questions/problems/suggestions? Please visit: https://groups.google.com/forum/#!forum/raxml

System: Apple M1, 8 cores, 8 GB RAM

RAxML-NG was called at 25-Sep-2024 23:10:38 as follows:

./GTR+I+G4/raxml-ng/raxml-ng --ancestral --msa ./GTR+I+G4/ires1_REP_NT_with_outgroup_aligned.fasta --tree ./GTR+I+G4/muscle_gtr_rep_nt_ires1_rooted.treefile --msa-format FASTA --data-type DNA --model GTR+I+G4

Analysis options:
  run mode: Ancestral state reconstruction
  start tree(s): user
  random seed: 1727323838
  tip-inner: ON
  pattern compression: OFF
  per-rate scalers: OFF
  site repeats: OFF
  logLH epsilon: general: 10.000000, brlen-triplet: 1000.000000
  branch lengths: proportional (ML estimate, algorithm: NR-FAST)
  SIMD kernels: SSE3
  parallelization: coarse-grained (auto), PTHREADS (auto)

[00:00:00] Reading alignment from file: ./GTR+I+G4/ires1_REP_NT_with_outgroup_aligned.fasta
[00:00:00] Loaded alignment with 18 taxa and 3219 sites

NOTE: Reduced alignment (with duplicates and gap-only sites/taxa removed) 
NOTE: was saved to: /Users/haileylouw/Desktop/ViralAncestral/Results_Fall_2024/Replicase_Gene/GTR+I+G4/ires1_REP_NT_with_outgroup_aligned.fasta.raxml.reduced.phy

ERROR: Following taxon name contains invalid characters: Human_enterovirus_D,_,_3D-POL,_(5937,_7308)_
ERROR: Following taxon name contains invalid characters: Enterovirus_J_strain_1631,_,_3D,_(5856,_7242)_
ERROR: Following taxon name contains invalid characters: Enterovirus_F_strain_BEV-261_polyprotein_gene,_complete_cds,_RNA-directed_RNA-polymerase,_(5940,_7323)_
ERROR: Following taxon name contains invalid characters: Possum_enterovirus_W1,_,_RNA-directed_RNA_polymerase,_(5933,_7316)_
ERROR: Following taxon name contains invalid characters: Bovine_enterovirus,_,_3D,_(5960,_7343)_
ERROR: Following taxon name contains invalid characters: Poliovirus,_,_RNA-directed_RNA_polymerase,_(5986,_7369)_
ERROR: Following taxon name contains invalid characters: Simian_enterovirus_A,_,_3D,_(5867,_7244)_
ERROR: Following taxon name contains invalid characters: Enterovirus_J_strain_N203,_,_3D,_(5885,_7271)_
ERROR: Following taxon name contains invalid characters: Human_enterovirus_B,_,_3D,_(5901,_7287)_
ERROR: Following taxon name contains invalid characters: Human_rhinovirus_14,_,_3D,_(5785,_7165)_
ERROR: Following taxon name contains invalid characters: Human_enterovirus_A,_,_3D,_(5943,_7329)_
ERROR: Following taxon name contains invalid characters: Human_rhinovirus_89,_,_RNA-directed_RNA_polymerase,_(5730,_7110)_
ERROR: Following taxon name contains invalid characters: Human_rhinovirus_C,_,_3D,_(5667,_7047)_
ERROR: Following taxon name contains invalid characters: Ophiostoma_mitovirus_4,_
ERROR: Following taxon name contains invalid characters: Enterovirus_SEV-gx,_,_3D,_(5856,_7287)_
ERROR: Following taxon name contains invalid characters: Enterovirus_goat/JL14,_,_3D,_(5903,_7337)_
ERROR: Following taxon name contains invalid characters: Cryphonectria_parasitica_mitovirus_1-NB631,_
ERROR: Following taxon name contains invalid characters: Human_enterovirus_strain_V13-0285,_partial_genome,_3D-pol,_(5922,_7308)_

NOTE: Following symbols are not allowed in taxa names to ensure Newick compatibility:
NOTE: " " (space), ";" (semicolon), ":" (colon), "," (comma), "()" (parentheses), "'" (quote). 
NOTE: Please either correct the names manually, or use the reduced alignment file
NOTE: generated by RAxML-NG (see above).

ERROR: Alignment check failed (see details above)!

