
RAxML-NG v. 1.2.0 released on 09.05.2023 by The Exelixis Lab.
Developed by: Alexey M. Kozlov and Alexandros Stamatakis.
Contributors: Diego Darriba, Tomas Flouri, Benoit Morel, Sarah Lutteropp, Ben Bettisworth, Julia Haag, Anastasis Togkousidis.
Latest version: https://github.com/amkozlov/raxml-ng
Questions/problems/suggestions? Please visit: https://groups.google.com/forum/#!forum/raxml

System: Apple M1, 8 cores, 8 GB RAM

RAxML-NG was called at 27-Sep-2024 14:03:49 as follows:

./GTR+F+I+G4/raxml-ng/raxml-ng --ancestral --msa ./GTR+F+I+G4/ires1_REP_NT_with_outgroup_aligned.fasta --tree ./GTR+F+I+G4/muscle_gtr_rep_nt_ires1_rooted.treefile --msa-format FASTA --data-type DNA --model GTR+I+F+G4

Analysis options:
  run mode: Ancestral state reconstruction
  start tree(s): user
  random seed: 1727463829
  tip-inner: ON
  pattern compression: OFF
  per-rate scalers: OFF
  site repeats: OFF
  logLH epsilon: general: 10.000000, brlen-triplet: 1000.000000
  branch lengths: proportional (ML estimate, algorithm: NR-FAST)
  SIMD kernels: SSE3
  parallelization: coarse-grained (auto), PTHREADS (auto)

[00:00:00] Reading alignment from file: ./GTR+F+I+G4/ires1_REP_NT_with_outgroup_aligned.fasta
[00:00:00] Loaded alignment with 18 taxa and 3219 sites

Alignment comprises 1 partitions and 3219 sites

Partition 0: noname
Model: GTR+FC+I+G4m
Alignment sites: 3219
Gaps: 53.41 %
Invariant sites: 54.77 %


NOTE: Binary MSA file created: ./GTR+F+I+G4/ires1_REP_NT_with_outgroup_aligned.fasta.raxml.rba

Parallelization scheme autoconfig: 1 worker(s) x 8 thread(s)

[00:00:00] Loading user starting tree(s) from: ./GTR+F+I+G4/muscle_gtr_rep_nt_ires1_rooted.treefile
Parallel reduction/worker buffer size: 1 KB  / 0 KB

[00:00:00] Data distribution: max. partitions/sites/weight per thread: 1 / 403 / 6448
[00:00:00] Data distribution: max. searches per worker: 1

Starting ML tree search with 1 distinct starting trees

[00:00:00] Tree #1, initial LogLikelihood: -24691.584503

[00:00:00 -24691.584503] Initial branch length optimization
[00:00:00 -24608.670769] Model parameter optimization (eps = 10.000000)

[00:00:01] Tree #1, final logLikelihood: -23918.865238


Optimized model parameters:

   Partition 0: noname
   Rate heterogeneity: GAMMA (4 cats, mean),  alpha: 0.716309 (ML),  weights&rates: (0.250000,0.077675) (0.250000,0.371125) (0.250000,0.930765) (0.250000,2.620435) 
   P-inv (ML): 0.025085
   Base frequencies (empirical): 0.312553 0.193781 0.214172 0.279494 
   Substitution rates (ML): 4.902553 7.137586 2.880920 3.446292 14.395837 1.000000 

Marginal ancestral probabilities saved to: /Users/haileylouw/Desktop/ViralAncestral/Results_Fall_2024/Replicase_Gene/GTR+F+I+G4/ires1_REP_NT_with_outgroup_aligned.fasta.raxml.ancestralProbs
Reconstructed ancestral sequences saved to: /Users/haileylouw/Desktop/ViralAncestral/Results_Fall_2024/Replicase_Gene/GTR+F+I+G4/ires1_REP_NT_with_outgroup_aligned.fasta.raxml.ancestralStates
Node-labeled tree saved to: /Users/haileylouw/Desktop/ViralAncestral/Results_Fall_2024/Replicase_Gene/GTR+F+I+G4/ires1_REP_NT_with_outgroup_aligned.fasta.raxml.ancestralTree

Execution log saved to: /Users/haileylouw/Desktop/ViralAncestral/Results_Fall_2024/Replicase_Gene/GTR+F+I+G4/ires1_REP_NT_with_outgroup_aligned.fasta.raxml.log

Analysis started: 27-Sep-2024 14:03:49 / finished: 27-Sep-2024 14:03:50

Elapsed time: 1.637 seconds

