rf 1 NC_001617, Human rhinovirus 89, complete genome, RNA-directed RNA polymerase, (5730, 7110) 
	18-53
rf 1 NC_009996, Human rhinovirus C, complete genome, 3D, (5667, 7047) 
rf 1 NC_001490, Human rhinovirus 14, complete genome, 3D, (5785, 7165) 
	18-52
rf 1 NC_029905, Enterovirus SEV-gx, complete genome, 3D, (5856, 7287) 
	18-48
rf 1 NC_001612, Human enterovirus A, complete genome, 3D, (5943, 7329) 
rf 1 NC_030454, Human enterovirus strain V13-0285, partial genome, 3D-pol, (5922, 7308) 
rf 1 NC_003988, Simian enterovirus A, complete genome, 3D, (5867, 7244) 
	22-53
rf 1 NC_001430, Human enterovirus D, complete genome, 3D-POL, (5937, 7308) 
rf 1 NC_002058, Poliovirus, complete genome, RNA-directed RNA polymerase, (5986, 7369) 
rf 1 NC_001472, Human enterovirus B, complete genome, 3D, (5901, 7287) 
rf 1 NC_013695, Enterovirus J strain N203, complete genome, 3D, (5885, 7271) 
rf 1 NC_010415, Enterovirus J strain 1631, complete genome, 3D, (5856, 7242) 
rf 1 NC_034267, Enterovirus goat/JL14, complete genome, 3D, (5903, 7337) 
	1-17
rf 1 NC_001859, Bovine enterovirus, complete genome, 3D, (5960, 7343) 
rf 1 NC_008714, Possum enterovirus W1, complete genome, RNA-directed RNA polymerase, (5933, 7316) 
rf 1 NC_021220, Enterovirus F strain BEV-261 polyprotein gene, complete cds, RNA-directed RNA-polymerase, (5940, 7323) 
