rf 1 NC_003976, Ljungan virus, complete genome, 3D, (6066, 7476) 
	52-164
	210-225
	266-299
	345-507
rf 1 NC_024767, Chicken picornavirus 3 isolate 45C, complete genome, 3D, (5512, 6895) 
	1-38
	70-104
	142-178
	211-314
	366-408
	470-505
rf 1 NC_024766, Chicken picornavirus 2 isolate 44C, complete genome, 3D, (5763, 7113) 
	87-168
	214-353
	366-383
	435-505
rf 1 NC_018668, Bovine hungarovirus 1 strain BHUV1/2008/HUN, complete genome, 3D, (6093, 7461) 
	51-107
	130-176
	363-385
rf 1 NC_003983, Equine rhinitis B virus 1, complete genome, 3D (RNA polymerase), (7257, 8661) 
	52-87
rf 1 NC_010354, Bovine rhinitis B virus, complete genome, 3D, (6053, 7454) 
	71-86
rf 1 NC_012802, Human cosavirus D1, complete genome, 3D, (5739, 7125) 
	394-429
rf 1 NC_012798, Human cosavirus E1, complete genome, 3D, (5091, 6477) 
rf 1 NC_012801, Human cosavirus B1, complete genome, 3D, (5735, 7121) 
	70-97
rf 1 NC_012800, Cosavirus A strain HCoSV-A1 polyprotein gene, complete cds, 3D, (6147, 7536) 
	69-79
rf 1 NC_001479, Encephalomyocarditis virus, complete genome, protein 3D, (6329, 7709) 
	1-12
	131-165
rf 1 NC_001366, Theilovirus, complete genome, protein 3D, (6593, 7976) 
	153-171
rf 1 NC_010810, Human TMEV-like cardiovirus, complete genome, protein 3D, (6451, 7834) 
	148-174
rf 1 NC_009448, Saffold virus, complete genome, protein 3D, (6545, 7928) 
	148-174
rf 1 NC_021178, Canine picodicistrovirus strain 209, complete genome, 3D, (6874, 8323) 
	57-164
	241-310
	333-357
	468-512
rf 1 NC_024770, Chicken gallivirus 1 isolate 518C, complete genome, 3D, (6690, 8124) 
	91-172
	262-314
	421-504
rf 1 NC_028380, Chicken sicinivirus JSY, complete genome, 3D, (8106, 9522) 
	262-291
	367-385
	465-489
rf 1 NC_023861, Sicinivirus 1 strain UCC001, complete genome, 3D, (7549, 8965) 
	262-301
	364-386
	465-489
