
RAxML-NG v. 1.2.0 released on 09.05.2023 by The Exelixis Lab.
Developed by: Alexey M. Kozlov and Alexandros Stamatakis.
Contributors: Diego Darriba, Tomas Flouri, Benoit Morel, Sarah Lutteropp, Ben Bettisworth, Julia Haag, Anastasis Togkousidis.
Latest version: https://github.com/amkozlov/raxml-ng
Questions/problems/suggestions? Please visit: https://groups.google.com/forum/#!forum/raxml

System: Apple M1, 8 cores, 8 GB RAM

RAxML-NG was called at 11-Nov-2024 10:45:54 as follows:

./raxml-ng/raxml-ng --ancestral --msa ./five_utr_seq_new_names_sym.fasta --tree ./rep_sym_tree_new_names.treefile --msa-format FASTA --data-type DNA --model SYM+G4

Analysis options:
  run mode: Ancestral state reconstruction
  start tree(s): user
  random seed: 1731343554
  tip-inner: ON
  pattern compression: OFF
  per-rate scalers: OFF
  site repeats: OFF
  logLH epsilon: general: 10.000000, brlen-triplet: 1000.000000
  branch lengths: proportional (ML estimate, algorithm: NR-FAST)
  SIMD kernels: SSE3
  parallelization: coarse-grained (auto), PTHREADS (auto)

[00:00:00] Reading alignment from file: ./five_utr_seq_new_names_sym.fasta
[00:00:00] Loaded alignment with 18 taxa and 1059 sites

WARNING: Fully undetermined columns found: 82

NOTE: Reduced alignment (with duplicates and gap-only sites/taxa removed) 
NOTE: was saved to: /Users/haileylouw/Desktop/ViralAncestral/Results_Fall_2024/5-UTR/GTR_Seq+LG_Tree/five_utr_seq_new_names_sym.fasta.raxml.reduced.phy

Alignment comprises 1 partitions and 977 sites

Partition 0: noname
Model: SYM+G4m
Alignment sites: 977
Gaps: 32.11 %
Invariant sites: 26.31 %


NOTE: Binary MSA file created: ./five_utr_seq_new_names_sym.fasta.raxml.rba

Parallelization scheme autoconfig: 1 worker(s) x 8 thread(s)

[00:00:00] Loading user starting tree(s) from: ./rep_sym_tree_new_names.treefile
Parallel reduction/worker buffer size: 1 KB  / 0 KB

[00:00:00] Data distribution: max. partitions/sites/weight per thread: 1 / 123 / 1968
[00:00:00] Data distribution: max. searches per worker: 1

Starting ML tree search with 1 distinct starting trees

[00:00:00] Tree #1, initial LogLikelihood: -9755.598800

[00:00:00 -9755.598800] Initial branch length optimization
[00:00:00 -9497.547895] Model parameter optimization (eps = 10.000000)

[00:00:00] Tree #1, final logLikelihood: -9333.411488


Optimized model parameters:

   Partition 0: noname
   Rate heterogeneity: GAMMA (4 cats, mean),  alpha: 0.732096 (ML),  weights&rates: (0.250000,0.081053) (0.250000,0.378289) (0.250000,0.936205) (0.250000,2.604453) 
   Base frequencies (model): 0.250000 0.250000 0.250000 0.250000 
   Substitution rates (ML): 1.567090 2.552741 2.378703 0.816868 3.891590 1.000000 

Marginal ancestral probabilities saved to: /Users/haileylouw/Desktop/ViralAncestral/Results_Fall_2024/5-UTR/GTR_Seq+LG_Tree/five_utr_seq_new_names_sym.fasta.raxml.ancestralProbs
Reconstructed ancestral sequences saved to: /Users/haileylouw/Desktop/ViralAncestral/Results_Fall_2024/5-UTR/GTR_Seq+LG_Tree/five_utr_seq_new_names_sym.fasta.raxml.ancestralStates
Node-labeled tree saved to: /Users/haileylouw/Desktop/ViralAncestral/Results_Fall_2024/5-UTR/GTR_Seq+LG_Tree/five_utr_seq_new_names_sym.fasta.raxml.ancestralTree

Execution log saved to: /Users/haileylouw/Desktop/ViralAncestral/Results_Fall_2024/5-UTR/GTR_Seq+LG_Tree/five_utr_seq_new_names_sym.fasta.raxml.log

Analysis started: 11-Nov-2024 10:45:54 / finished: 11-Nov-2024 10:45:54

Elapsed time: 0.321 seconds

