
RAxML-NG v. 1.2.0 released on 09.05.2023 by The Exelixis Lab.
Developed by: Alexey M. Kozlov and Alexandros Stamatakis.
Contributors: Diego Darriba, Tomas Flouri, Benoit Morel, Sarah Lutteropp, Ben Bettisworth, Julia Haag, Anastasis Togkousidis.
Latest version: https://github.com/amkozlov/raxml-ng
Questions/problems/suggestions? Please visit: https://groups.google.com/forum/#!forum/raxml

System: Apple M1, 8 cores, 8 GB RAM

RAxML-NG was called at 13-Sep-2024 16:35:59 as follows:

./SYM+G4/raxml-ng/raxml-ng --ancestral --msa ./SYM+G4/IRES1_with_outgroup_aligned.fasta --tree ./SYM+G4/muscle_sym_5utr_nt_ires1_rooted.treefile --msa-format FASTA --data-type DNA --model SYM+G4

Analysis options:
  run mode: Ancestral state reconstruction
  start tree(s): user
  random seed: 1726263359
  tip-inner: ON
  pattern compression: OFF
  per-rate scalers: OFF
  site repeats: OFF
  logLH epsilon: general: 10.000000, brlen-triplet: 1000.000000
  branch lengths: proportional (ML estimate, algorithm: NR-FAST)
  SIMD kernels: SSE3
  parallelization: coarse-grained (auto), PTHREADS (auto)

[00:00:00] Reading alignment from file: ./SYM+G4/IRES1_with_outgroup_aligned.fasta
[00:00:00] Loaded alignment with 24 taxa and 1059 sites

Alignment comprises 1 partitions and 1059 sites

Partition 0: noname
Model: SYM+G4m
Alignment sites: 1059
Gaps: 35.70 %
Invariant sites: 18.22 %


NOTE: Binary MSA file created: ./SYM+G4/IRES1_with_outgroup_aligned.fasta.raxml.rba

Parallelization scheme autoconfig: 1 worker(s) x 8 thread(s)

[00:00:00] Loading user starting tree(s) from: ./SYM+G4/muscle_sym_5utr_nt_ires1_rooted.treefile
Parallel reduction/worker buffer size: 1 KB  / 0 KB

[00:00:00] Data distribution: max. partitions/sites/weight per thread: 1 / 133 / 2128
[00:00:00] Data distribution: max. searches per worker: 1

Starting ML tree search with 1 distinct starting trees

[00:00:00] Tree #1, initial LogLikelihood: -12528.813088

[00:00:00 -12528.813088] Initial branch length optimization
[00:00:00 -12524.239027] Model parameter optimization (eps = 10.000000)

[00:00:00] Tree #1, final logLikelihood: -12316.248240


Optimized model parameters:

   Partition 0: noname
   Rate heterogeneity: GAMMA (4 cats, mean),  alpha: 0.885642 (ML),  weights&rates: (0.250000,0.113610) (0.250000,0.439458) (0.250000,0.978127) (0.250000,2.468805) 
   Base frequencies (model): 0.250000 0.250000 0.250000 0.250000 
   Substitution rates (ML): 1.234482 2.335264 2.194918 0.766415 3.726976 1.000000 

Marginal ancestral probabilities saved to: /Users/haileylouw/Desktop/ViralAncestral/Results_Fall_2024/5-UTR/SYM+G4/IRES1_with_outgroup_aligned.fasta.raxml.ancestralProbs
Reconstructed ancestral sequences saved to: /Users/haileylouw/Desktop/ViralAncestral/Results_Fall_2024/5-UTR/SYM+G4/IRES1_with_outgroup_aligned.fasta.raxml.ancestralStates
Node-labeled tree saved to: /Users/haileylouw/Desktop/ViralAncestral/Results_Fall_2024/5-UTR/SYM+G4/IRES1_with_outgroup_aligned.fasta.raxml.ancestralTree

Execution log saved to: /Users/haileylouw/Desktop/ViralAncestral/Results_Fall_2024/5-UTR/SYM+G4/IRES1_with_outgroup_aligned.fasta.raxml.log

Analysis started: 13-Sep-2024 16:35:59 / finished: 13-Sep-2024 16:35:59

Elapsed time: 0.367 seconds

