NC_024766, Chicken picornavirus 2 isolate 44C, complete genome, 3D, (5763, 7113) 
	45-81
	310-348
	490-516
	676-706
	944-991
	1303-1340
	1376-1389
	1495-1545
	1608-1634
NC_024767, Chicken picornavirus 3 isolate 45C, complete genome, 3D, (5512, 6895) 
	2-60
	226-246
	307-339
	499-533
	860-958
	1069-1098
	1376-1388
	1479-1628
NC_021178, Canine picodicistrovirus strain 209, complete genome, 3D, (6874, 8323) 
	2-51
	274-309
	376-421
	473-488
	760-797
	910-917
	945-954
	1082-1135
	1493-1518
	1572-1633
NC_024770, Chicken gallivirus 1 isolate 518C, complete genome, 3D, (6690, 8124) 
	324-334
	770-789
	861-877
	886-928
	1100-1115
	1164-1224
	1421-1443
	1473-1636
NC_028380, Chicken sicinivirus JSY, complete genome, 3D, (8106, 9522) 
	2-41
	324-334
	479-487
	889-924
	1165-1187
	1503-1514
	1619-1636
NC_023861, Sicinivirus 1 strain UCC001, complete genome, 3D, (7549, 8965) 
	315-334
	413-419
	479-488
	889-924
	1165-1221
	1503-1514
NC_003976, Ljungan virus, complete genome, 3D, (6066, 7476) 
	38-48
	160-192
	219-267
	536-568
	823-892
	978-993
	1050-1133
	1163-1209
	1375-1384
	1425-1439
	1481-1490
	1614-1636
NC_018668, Bovine hungarovirus 1 strain BHUV1/2008/HUN, complete genome, 3D, (6093, 7461) 
	1-60
	279-296
	544-555
	1615-1636
NC_003983, Equine rhinitis B virus 1, complete genome, 3D (RNA polymerase), (7257, 8661) 
	2-32
	93-118
	239-257
	980-1003
	1370-1395
NC_010354, Bovine rhinitis B virus, complete genome, 3D, (6053, 7454) 
	2-27
	1057-1071
	1619-1636
NC_012800, Cosavirus A strain HCoSV-A1 polyprotein gene, complete cds, 3D, (6147, 7536) 
	233-246
	527-548
NC_012801, Human cosavirus B1, complete genome, 3D, (5735, 7121) 
	232-254
NC_012802, Human cosavirus D1, complete genome, 3D, (5739, 7125) 
	232-254
NC_012798, Human cosavirus E1, complete genome, 3D, (5091, 6477) 
	238-246
NC_001479, Encephalomyocarditis virus, complete genome, protein 3D, (6329, 7709) 
NC_001366, Theilovirus, complete genome, protein 3D, (6593, 7976) 
NC_010810, Human TMEV-like cardiovirus, complete genome, protein 3D, (6451, 7834) 
NC_009448, Saffold virus, complete genome, protein 3D, (6545, 7928) 
	78-101
