IQ-TREE multicore version 2.2.2.6 COVID-edition for Mac OS X 64-bit built May 27 2023
Developed by Bui Quang Minh, James Barbetti, Nguyen Lam Tung,
Olga Chernomor, Heiko Schmidt, Dominik Schrempf, Michael Woodhams, Ly Trong Nhan.

Host:    Haileys-MacBook-Pro.local (SSE4.2, 8 GB RAM)
Command: ./iqtree2 -s /Users/haileylouw/Desktop/ViralAncestral/data/Trimmed_Sequences/HmmCleaner/Replicase_Gene/FASTA_Files/Rep_MUSCLE_ires3_AA_hmm.fasta -m LG+I+G+F
Seed:    359657 (Using SPRNG - Scalable Parallel Random Number Generator)
Time:    Thu Aug 17 12:40:27 2023
Kernel:  SSE2 - 1 threads (8 CPU cores detected)

HINT: Use -nt option to specify number of threads because your CPU has 8 cores!
HINT: -nt AUTO will automatically determine the best number of threads to use.

Reading alignment file /Users/haileylouw/Desktop/ViralAncestral/data/Trimmed_Sequences/HmmCleaner/Replicase_Gene/FASTA_Files/Rep_MUSCLE_ires3_AA_hmm.fasta ... Fasta format detected
Reading fasta file: done in 0.000208855 secs using 79% CPU
NOTE: Change sequence name 'rf 1 NC_001489, Hepatitis A virus, complete genome, 3D mature peptide, (5948, 7415)' -> rf_1_NC_001489,
NOTE: Change sequence name 'rf 1 NC_028981, Tupaia hepatovirus A isolate TN1, complete genome, 3D, (5865, 7335)' -> rf_1_NC_028981,
NOTE: Change sequence name 'rf 1 NC_027818, Phopivirus strain NewEngland_USA/2011, complete genome, 3D, (5861, 7328)' -> rf_1_NC_027818,
Alignment most likely contains protein sequences
Constructing alignment: done in 0.000542164 secs using 75.07% CPU
Alignment has 3 sequences with 490 columns, 253 distinct patterns
0 parsimony-informative, 267 singleton sites, 223 constant sites
WARNING: Some sequence names are changed as follows:
rf_1_NC_001489, -> rf_1_NC_001489_
rf_1_NC_028981, -> rf_1_NC_028981_
rf_1_NC_027818, -> rf_1_NC_027818_

                 Gap/Ambiguity  Composition  p-value
Analyzing sequences: done in 0.000137806 secs using 9.434% CPU
   1  rf_1_NC_001489_    0.20%    passed    100.00%
   2  rf_1_NC_028981_    0.00%    passed    100.00%
   3  rf_1_NC_027818_    0.20%    passed     99.99%
****  TOTAL              0.14%  0 sequences failed composition chi2 test (p-value<5%; df=19)
Checking for duplicate sequences: done in 0.000128031 secs using 13.28% CPU

Create initial parsimony tree by phylogenetic likelihood library (PLL)... 0.002 seconds

NOTE: 0 MB RAM (0 GB) is required!
Estimate model parameters (epsilon = 0.100)
Thoroughly optimizing +I+G parameters from 10 start values...
Init pinv, alpha: 0.000, 1.000 / Estimate: 0.000, 0.842 / LogL: -3025.523
Init pinv, alpha: 0.051, 1.000 / Estimate: 0.050, 0.972 / LogL: -3025.632
Init pinv, alpha: 0.101, 1.000 / Estimate: 0.100, 1.152 / LogL: -3025.798
Init pinv, alpha: 0.152, 1.000 / Estimate: 0.149, 1.437 / LogL: -3026.041
Init pinv, alpha: 0.202, 1.000 / Estimate: 0.196, 1.871 / LogL: -3026.417
Init pinv, alpha: 0.253, 1.000 / Estimate: 0.226, 2.383 / LogL: -3026.786
Init pinv, alpha: 0.303, 1.000 / Estimate: 0.226, 2.382 / LogL: -3026.782
Init pinv, alpha: 0.354, 1.000 / Estimate: 0.230, 2.473 / LogL: -3026.846
Init pinv, alpha: 0.405, 1.000 / Estimate: 0.229, 2.451 / LogL: -3026.831
Init pinv, alpha: 0.455, 1.000 / Estimate: 0.226, 2.384 / LogL: -3026.784
Optimal pinv,alpha: 0.000, 0.842 / LogL: -3025.523

Parameters optimization took 0.227 sec
Wrote distance file to... 
Computing ML distances based on estimated model parameters...
Calculating distance matrix: done in 0.00122285 secs using 55.77% CPU
Computing ML distances took 0.001317 sec (of wall-clock time) 0.000751 sec (of CPU time)
Setting up auxiliary I and S matrices: done in 2.19345e-05 secs using 77.5% CPU
Constructing RapidNJ tree: done in 1.90735e-06 secs using 52.43% CPU
Computing RapidNJ tree took 0.000090 sec (of wall-clock time) 0.000060 sec (of CPU time)
Log-likelihood of RapidNJ tree: -3025.523
--------------------------------------------------------------------
|             INITIALIZING CANDIDATE TREE SET                      |
--------------------------------------------------------------------
Generating 99 parsimony trees... 0.010 second
Current best score: -3025.523

Do NNI search on 1 best initial trees
Optimizing NNI: done in 0.000158072 secs using 101.2% CPU
Finish initializing candidate tree set (1)
Current best tree score: -3025.523 / CPU time: 0.011
Number of iterations: 1
--------------------------------------------------------------------
|               OPTIMIZING CANDIDATE TREE SET                      |
--------------------------------------------------------------------
Optimizing NNI: done in 3.09944e-06 secs using 32.26% CPU
Optimizing NNI: done in 2.14577e-06 secs using 46.6% CPU
Optimizing NNI: done in 4.05312e-06 secs using 49.34% CPU
Optimizing NNI: done in 3.09944e-06 secs using 161.3% CPU
Optimizing NNI: done in 2.00272e-05 secs using 24.97% CPU
Optimizing NNI: done in 1.90735e-06 secs using 104.9% CPU
Optimizing NNI: done in 3.88622e-05 secs using 48.89% CPU
Optimizing NNI: done in 4.05312e-06 secs using 172.7% CPU
Optimizing NNI: done in 2.86102e-06 secs using 69.91% CPU
Iteration 10 / LogL: -3025.523 / Time: 0h:0m:0s
Optimizing NNI: done in 1.90735e-06 secs using 104.9% CPU
Optimizing NNI: done in 2.14577e-06 secs using 93.21% CPU
Optimizing NNI: done in 2.14577e-06 secs using 279.6% CPU
Optimizing NNI: done in 2.14577e-06 secs using 279.6% CPU
Optimizing NNI: done in 1.90735e-06 secs using 262.1% CPU
Optimizing NNI: done in 2.14577e-06 secs using 233% CPU
Optimizing NNI: done in 2.86102e-06 secs using 69.91% CPU
Optimizing NNI: done in 1.90735e-06 secs using 52.43% CPU
Optimizing NNI: done in 9.53674e-07 secs using 104.9% CPU
Optimizing NNI: done in 9.53674e-07 secs using 104.9% CPU
Iteration 20 / LogL: -3025.523 / Time: 0h:0m:0s
Optimizing NNI: done in 1.90735e-06 secs using 262.1% CPU
Optimizing NNI: done in 1.90735e-06 secs using 52.43% CPU
Optimizing NNI: done in 1.90735e-06 secs using 52.43% CPU
Optimizing NNI: done in 1.90735e-06 secs using 52.43% CPU
Optimizing NNI: done in 3.09944e-06 secs using 64.53% CPU
Optimizing NNI: done in 3.09944e-06 secs using 64.53% CPU
Optimizing NNI: done in 3.09944e-06 secs using 64.53% CPU
Optimizing NNI: done in 1.90735e-06 secs using 52.43% CPU
Optimizing NNI: done in 1.90735e-06 secs using 104.9% CPU
Optimizing NNI: done in 2.14577e-06 secs using 93.21% CPU
Iteration 30 / LogL: -3025.523 / Time: 0h:0m:0s (0h:0m:0s left)
Optimizing NNI: done in 1.90735e-06 secs using 52.43% CPU
Optimizing NNI: done in 1.90735e-06 secs using 104.9% CPU
Optimizing NNI: done in 1.90735e-06 secs using 52.43% CPU
Optimizing NNI: done in 9.53674e-07 secs using 104.9% CPU
Optimizing NNI: done in 2.14577e-06 secs using 46.6% CPU
Optimizing NNI: done in 1.90735e-06 secs using 52.43% CPU
Optimizing NNI: done in 2.14577e-06 secs using 46.6% CPU
Optimizing NNI: done in 2.14577e-06 secs using 46.6% CPU
Optimizing NNI: done in 2.14577e-06 secs using 46.6% CPU
Optimizing NNI: done in 2.14577e-06 secs using 46.6% CPU
Iteration 40 / LogL: -3025.523 / Time: 0h:0m:0s (0h:0m:0s left)
Optimizing NNI: done in 2.14577e-06 secs using 46.6% CPU
Optimizing NNI: done in 1.90735e-06 secs using 52.43% CPU
Optimizing NNI: done in 1.90735e-06 secs using 52.43% CPU
Optimizing NNI: done in 9.53674e-07 secs using 104.9% CPU
Optimizing NNI: done in 9.53674e-07 secs using 104.9% CPU
Optimizing NNI: done in 9.53674e-07 secs using 104.9% CPU
Optimizing NNI: done in 1.90735e-06 secs using 52.43% CPU
Optimizing NNI: done in 2.14577e-06 secs using 46.6% CPU
Optimizing NNI: done in 1.90735e-06 secs using 52.43% CPU
Optimizing NNI: done in 2.14577e-06 secs using 46.6% CPU
Iteration 50 / LogL: -3025.523 / Time: 0h:0m:0s (0h:0m:0s left)
Optimizing NNI: done in 1.90735e-06 secs using 52.43% CPU
Optimizing NNI: done in 1.90735e-06 secs using 104.9% CPU
Optimizing NNI: done in 1.90735e-06 secs using 52.43% CPU
Optimizing NNI: done in 9.53674e-07 secs using 104.9% CPU
Optimizing NNI: done in 9.53674e-07 secs using 104.9% CPU
Optimizing NNI: done in 1.90735e-06 secs using 52.43% CPU
Optimizing NNI: done in 1.90735e-06 secs using 52.43% CPU
Optimizing NNI: done in 1.90735e-06 secs using 52.43% CPU
Optimizing NNI: done in 1.90735e-06 secs using 52.43% CPU
Optimizing NNI: done in 1.90735e-06 secs using 52.43% CPU
Iteration 60 / LogL: -3025.523 / Time: 0h:0m:0s (0h:0m:0s left)
Optimizing NNI: done in 2.86102e-06 secs using 69.91% CPU
Optimizing NNI: done in 1.90735e-06 secs using 314.6% CPU
Optimizing NNI: done in 3.09944e-06 secs using 32.26% CPU
Optimizing NNI: done in 3.09944e-06 secs using 64.53% CPU
Optimizing NNI: done in 2.86102e-06 secs using 34.95% CPU
Optimizing NNI: done in 1.90735e-06 secs using 104.9% CPU
Optimizing NNI: done in 3.09944e-06 secs using 32.26% CPU
Optimizing NNI: done in 2.86102e-06 secs using 69.91% CPU
Optimizing NNI: done in 2.86102e-06 secs using 34.95% CPU
Optimizing NNI: done in 3.09944e-06 secs using 64.53% CPU
Iteration 70 / LogL: -3025.523 / Time: 0h:0m:0s (0h:0m:0s left)
Optimizing NNI: done in 2.14577e-06 secs using 93.21% CPU
Optimizing NNI: done in 4.05312e-06 secs using 74.02% CPU
Optimizing NNI: done in 3.09944e-06 secs using 64.53% CPU
Optimizing NNI: done in 2.86102e-06 secs using 69.91% CPU
Optimizing NNI: done in 1.90735e-06 secs using 52.43% CPU
Optimizing NNI: done in 1.90735e-06 secs using 52.43% CPU
Optimizing NNI: done in 2.86102e-06 secs using 69.91% CPU
Optimizing NNI: done in 3.09944e-06 secs using 64.53% CPU
Optimizing NNI: done in 3.09944e-06 secs using 32.26% CPU
Optimizing NNI: done in 2.14577e-06 secs using 46.6% CPU
Iteration 80 / LogL: -3025.523 / Time: 0h:0m:0s (0h:0m:0s left)
Optimizing NNI: done in 2.14577e-06 secs using 46.6% CPU
Optimizing NNI: done in 1.90735e-06 secs using 52.43% CPU
Optimizing NNI: done in 1.90735e-06 secs using 104.9% CPU
Optimizing NNI: done in 9.53674e-07 secs using 104.9% CPU
Optimizing NNI: done in 2.14577e-06 secs using 93.21% CPU
Optimizing NNI: done in 1.90735e-06 secs using 52.43% CPU
Optimizing NNI: done in 1.90735e-06 secs using 314.6% CPU
Optimizing NNI: done in 2.14577e-06 secs using 46.6% CPU
Optimizing NNI: done in 9.53674e-07 secs using 104.9% CPU
Optimizing NNI: done in 2.14577e-06 secs using 233% CPU
Iteration 90 / LogL: -3025.523 / Time: 0h:0m:0s (0h:0m:0s left)
Optimizing NNI: done in 1.90735e-06 secs using 52.43% CPU
Optimizing NNI: done in 1.90735e-06 secs using 52.43% CPU
Optimizing NNI: done in 1.90735e-06 secs using 262.1% CPU
Optimizing NNI: done in 9.53674e-07 secs using 629.1% CPU
Optimizing NNI: done in 1.90735e-06 secs using 314.6% CPU
Optimizing NNI: done in 1.90735e-06 secs using 262.1% CPU
Optimizing NNI: done in 2.14577e-06 secs using 233% CPU
Optimizing NNI: done in 1.90735e-06 secs using 52.43% CPU
Optimizing NNI: done in 1.90735e-06 secs using 52.43% CPU
Optimizing NNI: done in 1.90735e-06 secs using 367% CPU
Iteration 100 / LogL: -3025.523 / Time: 0h:0m:0s (0h:0m:0s left)
Optimizing NNI: done in 1.90735e-06 secs using 314.6% CPU
TREE SEARCH COMPLETED AFTER 101 ITERATIONS / Time: 0h:0m:0s

--------------------------------------------------------------------
|                    FINALIZING TREE SEARCH                        |
--------------------------------------------------------------------
Performs final model parameters optimization
Estimate model parameters (epsilon = 0.010)
1. Initial log-likelihood: -3025.523
Optimal log-likelihood: -3025.521
Proportion of invariable sites: 0.000
Gamma shape alpha: 0.834
Parameters optimization took 1 rounds (0.002 sec)
BEST SCORE FOUND : -3025.521
Total tree length: 1.434

Total number of iterations: 101
CPU time used for tree search: 0.056 sec (0h:0m:0s)
Wall-clock time used for tree search: 0.039 sec (0h:0m:0s)
Total CPU time used: 0.312 sec (0h:0m:0s)
Total wall-clock time used: 0.311 sec (0h:0m:0s)

Analysis results written to: 
  IQ-TREE report:                /Users/haileylouw/Desktop/ViralAncestral/data/Trimmed_Sequences/HmmCleaner/Replicase_Gene/FASTA_Files/Rep_MUSCLE_ires3_AA_hmm.fasta.iqtree
  Maximum-likelihood tree:       /Users/haileylouw/Desktop/ViralAncestral/data/Trimmed_Sequences/HmmCleaner/Replicase_Gene/FASTA_Files/Rep_MUSCLE_ires3_AA_hmm.fasta.treefile
  Likelihood distances:          /Users/haileylouw/Desktop/ViralAncestral/data/Trimmed_Sequences/HmmCleaner/Replicase_Gene/FASTA_Files/Rep_MUSCLE_ires3_AA_hmm.fasta.mldist
  Screen log file:               /Users/haileylouw/Desktop/ViralAncestral/data/Trimmed_Sequences/HmmCleaner/Replicase_Gene/FASTA_Files/Rep_MUSCLE_ires3_AA_hmm.fasta.log

Date and Time: Thu Aug 17 12:40:27 2023
