NC_028364.1 Shrew hepatovirus KS121232Sorara2012 polyprotein gene, complete cds
	1-19
	122-161
	202-316
	930-943
NC_028981.1 Tupaia hepatovirus A isolate TN1, complete genome
	116-162
	305-316
NC_027818.1 Phopivirus strain NewEngland_USA/2011, complete genome
	257-316
NC_028365.1 Hedgehog hepatovirus Igel8Erieur2014 polyprotein gene, complete cds
NC_028366.1 Bat hepatovirus isolate M32Eidhel2010 polyprotein gene, complete cds
	1-109
	182-219
NC_028363.1 Rodent hepatovirus RMU101637Micarv2010 polyprotein gene, complete cds
	1-18
	685-745
	785-859
NC_001489.1 Hepatitis A virus, complete genome
	1-21
	123-161
	704-742
	763-775
	832-881
