NC_034245.1 Bovine rhinovirus 1 strain SD-1, complete genome
	6-1096
NC_026921.1 Falcovirus A1 strain kestrel/VOVE0622/2013/HUN, complete genome
	3-54
	133-377
	496-541
	640-655
	1090-1096
NC_001859.1 Bovine enterovirus, complete genome
	173-279
	893-917
	945-1014
NC_008714.1 Possum enterovirus W1, complete genome
	172-279
	894-1096
NC_034267.1 Enterovirus goat/JL14, complete genome
	172-278
	695-703
	894-1012
NC_033695.1 Enterovirus AN12 genomic RNA, complete genome, strain: AN12
	173-277
	894-1010
NC_029854.1 Yak enterovirus strain SWUN-AB001, complete genome
	172-277
	691-704
	894-1012
	1058-1096
NC_021220.1 Enterovirus F strain BEV-261 polyprotein gene, complete cds
	172-277
	689-704
	894-913
	940-1010
NC_001490.1 Human rhinovirus 14, complete genome
	163-279
	540-556
	940-1096
NC_009996.1 Human rhinovirus C, complete genome
	931-1096
NC_001617.1 Human rhinovirus 89, complete genome
	946-1096
NC_029905.1 Enterovirus SEV-gx, complete genome
	8-64
	170-294
	775-797
	954-1096
NC_003988.1 Simian enterovirus A, complete genome
NC_001472.1 Human enterovirus B, complete genome
	954-1048
	1067-1096
NC_030454.1 Human enterovirus strain V13-0285, partial genome
	953-1011
	1032-1048
	1067-1096
NC_001612.1 Human enterovirus A, complete genome
	954-1096
NC_004441.1 Porcine enterovirus 9 strain UKG/410/73 polyprotein gene, complete cds
	95-125
	954-1012
	1052-1096
NC_002058.3 Poliovirus, complete genome
	954-1096
NC_001430.1 Human enterovirus D, complete genome
	954-1096
NC_010415.1 Enterovirus J strain 1631, complete genome
NC_024073.1 Enterovirus sp. isolate CPML_8109/08, complete genome
	402-414
	954-1096
NC_013695.1 Enterovirus J strain N203, complete genome
	954-997
	1023-1096
