NC_034453.1 Ferret parechovirus isolate MpPeV1 polyprotein gene, complete cds
	1021-2153
NC_034617.1 Harrier picornavirus 1 strain harrier/MR-01/HUN/2014, complete genome
	625-649
	725-772
	1043-1103
	1114-1135
	1185-1212
	1427-1627
	2030-2153
NC_004004.1 Foot-and-mouth disease virus - type O, complete genome
	398-766
	850-1313
	1548-1594
	1664-1771
	1967-2153
NC_021178.1 Canine picodicistrovirus strain 209, complete genome
	627-2153
NC_018400.1 Turkey gallivirus, complete genome
	687-1039
	1073-1138
	1204-1336
	1466-1505
	1532-1553
	1580-1632
	2010-2153
NC_028964.1 Gallivirus Pf-CHK1/GV, complete genome
	689-950
	1049-1057
	1216-1344
	1470-1505
	1596-1632
	2007-2153
NC_024770.1 Chicken gallivirus 1 isolate 518C, complete genome
	644-950
	1216-1344
	1470-1505
	1590-1632
	2028-2153
NC_024766.1 Chicken picornavirus 2 isolate 44C, complete genome
	621-1344
	1434-1451
	1466-1509
	1567-1627
	2035-2153
NC_028970.1 Avisivirus Pf-CHK1/AsV, complete genome
	610-782
	1070-1200
	1337-1347
	1440-1627
	2025-2153
NC_024767.1 Chicken picornavirus 3 isolate 45C, complete genome
	937-1364
	1413-1627
	2002-2153
NC_028380.1 Chicken sicinivirus JSY, complete genome
	587-685
	735-1020
	1093-1109
	1166-1348
	1457-1576
	1929-2153
NC_023861.1 Sicinivirus 1 strain UCC001, complete genome
	1314-1405
	1948-2153
NC_003976.2 Ljungan virus, complete genome
	601-921
	1112-1348
	1546-1586
	1664-1771
	1828-1853
NC_003983.1 Equine rhinitis B virus 1, complete genome
	584-926
	963-1141
	1165-1227
	1320-1347
	1426-1461
	1554-1624
	1664-1771
	1960-1997
	2029-2153
NC_003982.1 Equine rhinitis A virus, complete genome
	395-698
	729-774
	825-838
	850-921
	1039-1139
	1166-1313
	1560-1612
NC_031106.1 Rosavirus C strain RATLC11A polyprotein gene, complete cds
	622-645
	717-1019
	1062-1123
	1134-1190
	1210-1246
	1665-1676
	2007-2153
NC_031105.1 Rosavirus B strain RNCW0602091R polyprotein gene, complete cds
	1024-1047
	1177-1190
	1665-1677
	1825-1856
	2007-2153
NC_024070.1 Rosavirus 2 strain GA7403, complete genome
	585-704
	726-1021
	1034-1083
	1096-1103
	1232-1242
	1454-1513
	1665-1677
	1864-1883
	2009-2153
NC_021482.1 Sebokele virus 1 ORF1 gene for polyprotein, genomic RNA, strain 1
	602-709
	735-780
	834-921
	968-1019
	1169-1193
	1458-1581
	1664-1771
	1828-1851
	2034-2153
NC_001479.1 Encephalomyocarditis virus, complete genome
	590-921
	1063-1083
	1233-1313
	2012-2153
NC_023987.1 Mosavirus A2 strain SZAL6-MoV/2011/HUN, complete genome
	621-707
	955-1155
	1526-1567
	2029-2153
NC_001897.1 Human parechovirus, genome
	599-839
	951-1019
	1036-1110
	1175-1218
	1246-1344
	1526-1622
	1667-1771
NC_010354.1 Bovine rhinitis B virus, complete genome
	623-1048
	1206-1360
	1546-1557
	1664-1675
	1910-2153
NC_025675.1 Norway rat hunnivirus isolate NrHuV/NYC-E21 polyprotein gene, complete cds
	609-838
	965-1020
	1033-1106
	1246-1348
	1596-1624
	1664-1771
	2012-2153
NC_018668.1 Bovine hungarovirus 1 strain BHUV1/2008/HUN, complete genome
	407-838
	965-1026
	1065-1104
	1329-1350
	1549-1624
	1667-1771
	2025-2153
NC_034385.1 Human cosavirus F strain PK5006 polyprotein gene, complete cds
	1090-1660
NC_025961.1 Cosavirus JMY-2014 isolate Cosa-CHN, complete genome
	599-628
	877-930
	1655-1771
NC_012800.1 Cosavirus A strain HCoSV-A1 polyprotein gene, complete cds
	167-628
	877-930
	1204-1217
	1329-1348
	1521-1587
	1654-1809
NC_012801.1 Human cosavirus B1, complete genome
	877-930
	1329-1348
	1656-1771
NC_012802.1 Human cosavirus D1, complete genome
	624-632
	877-930
	1329-1348
	1655-1771
NC_023984.1 Human cosavirus isolate Cosavirus_Amsterdam_1994, complete genome
	1-628
	877-932
	1329-1348
	1656-1771
NC_012798.1 Human cosavirus E1, complete genome
	1752-1771
NC_001366.1 Theilovirus, complete genome
	302-324
	341-638
	707-771
	792-921
	1215-1240
NC_009448.2 Saffold virus, complete genome
	302-621
	742-771
	792-921
	1464-1556
NC_010810.1 Human TMEV-like cardiovirus, complete genome
	393-621
	742-771
	792-921
