IQ-TREE multicore version 2.2.2.6 COVID-edition for Mac OS X 64-bit built May 27 2023
Developed by Bui Quang Minh, James Barbetti, Nguyen Lam Tung,
Olga Chernomor, Heiko Schmidt, Dominik Schrempf, Michael Woodhams, Ly Trong Nhan.

Host:    Haileys-MacBook-Pro.local (SSE4.2, 8 GB RAM)
Command: ./iqtree2 -s /Users/haileylouw/Desktop/ViralAncestral/data/Trimmed_Sequences/HmmCleaner/Replicase_Gene/FASTA_Files/Rep_MUSCLE_ires3_NT_hmm.fasta -m MFP -m GTR+I+G
Seed:    845032 (Using SPRNG - Scalable Parallel Random Number Generator)
Time:    Tue Jul 25 15:26:47 2023
Kernel:  SSE2 - 1 threads (8 CPU cores detected)

HINT: Use -nt option to specify number of threads because your CPU has 8 cores!
HINT: -nt AUTO will automatically determine the best number of threads to use.

Reading alignment file /Users/haileylouw/Desktop/ViralAncestral/data/Trimmed_Sequences/HmmCleaner/Replicase_Gene/FASTA_Files/Rep_MUSCLE_ires3_NT_hmm.fasta ... Fasta format detected
Reading fasta file: done in 0.000454903 secs using 96.06% CPU
Alignment most likely contains DNA/RNA sequences
Constructing alignment: done in 0.00155091 secs using 72.09% CPU
WARNING: 9 sites contain only gaps or ambiguous characters.
Alignment has 3 sequences with 1468 columns, 79 distinct patterns
0 parsimony-informative, 752 singleton sites, 716 constant sites
WARNING: Some sequence names are changed as follows:
NC_001489, -> NC_001489_
NC_028981, -> NC_028981_
NC_027818, -> NC_027818_

            Gap/Ambiguity  Composition  p-value
Analyzing sequences: done in 1.19209e-05 secs using 83.89% CPU
   1  NC_001489_    1.63%    passed     37.86%
   2  NC_028981_    0.89%    passed     52.33%
   3  NC_027818_    1.09%    passed     52.16%
****  TOTAL         1.20%  0 sequences failed composition chi2 test (p-value<5%; df=3)
Checking for duplicate sequences: done in 2.5034e-05 secs using 63.91% CPU

Create initial parsimony tree by phylogenetic likelihood library (PLL)... 0.001 seconds

NOTE: 0 MB RAM (0 GB) is required!
Estimate model parameters (epsilon = 0.100)
Thoroughly optimizing +I+G parameters from 10 start values...
Init pinv, alpha: 0.000, 1.000 / Estimate: 0.000, 1.391 / LogL: -4830.629
Init pinv, alpha: 0.054, 1.000 / Estimate: 0.056, 1.834 / LogL: -4830.617
Init pinv, alpha: 0.108, 1.000 / Estimate: 0.112, 2.630 / LogL: -4830.647
Init pinv, alpha: 0.163, 1.000 / Estimate: 0.168, 5.611 / LogL: -4830.609
Init pinv, alpha: 0.217, 1.000 / Estimate: 0.219, 998.276 / LogL: -4830.619
Init pinv, alpha: 0.271, 1.000 / Estimate: 0.242, 998.584 / LogL: -4831.030
Init pinv, alpha: 0.325, 1.000 / Estimate: 0.241, 998.319 / LogL: -4831.010
Init pinv, alpha: 0.379, 1.000 / Estimate: 0.244, 998.337 / LogL: -4831.070
Init pinv, alpha: 0.434, 1.000 / Estimate: 0.297, 3.740 / LogL: -4842.807
Init pinv, alpha: 0.488, 1.000 / Estimate: 0.293, 3.341 / LogL: -4842.675
Optimal pinv,alpha: 0.168, 5.611 / LogL: -4830.609

Parameters optimization took 0.083 sec
Wrote distance file to... 
Computing ML distances based on estimated model parameters...
Calculating distance matrix: done in 0.000803947 secs using 8.707% CPU
Computing ML distances took 0.000885 sec (of wall-clock time) 0.000131 sec (of CPU time)
Setting up auxiliary I and S matrices: done in 2.09808e-05 secs using 166.8% CPU
Constructing RapidNJ tree: done in 9.53674e-07 secs using 104.9% CPU
Computing RapidNJ tree took 0.000081 sec (of wall-clock time) 0.000138 sec (of CPU time)
Log-likelihood of RapidNJ tree: -4830.609
--------------------------------------------------------------------
|             INITIALIZING CANDIDATE TREE SET                      |
--------------------------------------------------------------------
Generating 99 parsimony trees... 0.010 second
Current best score: -4830.609

Do NNI search on 1 best initial trees
Optimizing NNI: done in 1.38283e-05 secs using 144.6% CPU
Finish initializing candidate tree set (1)
Current best tree score: -4830.609 / CPU time: 0.011
Number of iterations: 1
--------------------------------------------------------------------
|               OPTIMIZING CANDIDATE TREE SET                      |
--------------------------------------------------------------------
Optimizing NNI: done in 2.86102e-06 secs using 244.7% CPU
Optimizing NNI: done in 1.90735e-06 secs using 367% CPU
Optimizing NNI: done in 1.90735e-06 secs using 52.43% CPU
Optimizing NNI: done in 1.90735e-06 secs using 52.43% CPU
Optimizing NNI: done in 2.14577e-06 secs using 233% CPU
Optimizing NNI: done in 1.90735e-06 secs using 314.6% CPU
Optimizing NNI: done in 1.90735e-06 secs using 314.6% CPU
Optimizing NNI: done in 2.14577e-06 secs using 46.6% CPU
Optimizing NNI: done in 9.53674e-07 secs using 104.9% CPU
Iteration 10 / LogL: -4830.609 / Time: 0h:0m:0s
Optimizing NNI: done in 2.14577e-06 secs using 279.6% CPU
Optimizing NNI: done in 1.90735e-06 secs using 52.43% CPU
Optimizing NNI: done in 1.90735e-06 secs using 52.43% CPU
Optimizing NNI: done in 1.90735e-06 secs using 52.43% CPU
Optimizing NNI: done in 9.53674e-07 secs using 104.9% CPU
Optimizing NNI: done in 2.14577e-06 secs using 46.6% CPU
Optimizing NNI: done in 1.19209e-06 secs using 419.4% CPU
Optimizing NNI: done in 9.53674e-07 secs using 524.3% CPU
Optimizing NNI: done in 1.90735e-06 secs using 314.6% CPU
Optimizing NNI: done in 1.90735e-06 secs using 314.6% CPU
Iteration 20 / LogL: -4830.609 / Time: 0h:0m:0s
Optimizing NNI: done in 1.90735e-06 secs using 52.43% CPU
Optimizing NNI: done in 1.90735e-06 secs using 52.43% CPU
Optimizing NNI: done in 1.90735e-06 secs using 52.43% CPU
Optimizing NNI: done in 9.53674e-07 secs using 104.9% CPU
Optimizing NNI: done in 1.90735e-06 secs using 52.43% CPU
Optimizing NNI: done in 9.53674e-07 secs using 104.9% CPU
Optimizing NNI: done in 1.90735e-06 secs using 52.43% CPU
Optimizing NNI: done in 9.53674e-07 secs using 104.9% CPU
Optimizing NNI: done in 1.19209e-06 secs using 83.89% CPU
Optimizing NNI: done in 2.14577e-06 secs using 46.6% CPU
Iteration 30 / LogL: -4830.609 / Time: 0h:0m:0s (0h:0m:0s left)
Optimizing NNI: done in 9.53674e-07 secs using 104.9% CPU
Optimizing NNI: done in 1.90735e-06 secs using 52.43% CPU
Optimizing NNI: done in 1.90735e-06 secs using 52.43% CPU
Optimizing NNI: done in 9.53674e-07 secs using 524.3% CPU
Optimizing NNI: done in 2.14577e-06 secs using 46.6% CPU
Optimizing NNI: done in 1.90735e-06 secs using 314.6% CPU
Optimizing NNI: done in 9.53674e-07 secs using 629.1% CPU
Optimizing NNI: done in 9.53674e-07 secs using 104.9% CPU
Optimizing NNI: done in 2.14577e-06 secs using 46.6% CPU
Optimizing NNI: done in 2.14577e-06 secs using 46.6% CPU
Iteration 40 / LogL: -4830.609 / Time: 0h:0m:0s (0h:0m:0s left)
Optimizing NNI: done in 1.90735e-06 secs using 262.1% CPU
Optimizing NNI: done in 9.53674e-07 secs using 104.9% CPU
Optimizing NNI: done in 9.53674e-07 secs using 104.9% CPU
Optimizing NNI: done in 1.90735e-06 secs using 52.43% CPU
Optimizing NNI: done in 1.90735e-06 secs using 52.43% CPU
Optimizing NNI: done in 9.53674e-07 secs using 104.9% CPU
Optimizing NNI: done in 9.53674e-07 secs using 104.9% CPU
Optimizing NNI: done in 1.90735e-06 secs using 52.43% CPU
Optimizing NNI: done in 2.14577e-06 secs using 46.6% CPU
Optimizing NNI: done in 9.53674e-07 secs using 104.9% CPU
Iteration 50 / LogL: -4830.609 / Time: 0h:0m:0s (0h:0m:0s left)
Optimizing NNI: done in 2.14577e-06 secs using 233% CPU
Optimizing NNI: done in 9.53674e-07 secs using 629.1% CPU
Optimizing NNI: done in 1.90735e-06 secs using 314.6% CPU
Optimizing NNI: done in 1.90735e-06 secs using 52.43% CPU
Optimizing NNI: done in 1.90735e-06 secs using 262.1% CPU
Optimizing NNI: done in 9.53674e-07 secs using 104.9% CPU
Optimizing NNI: done in 1.90735e-06 secs using 52.43% CPU
Optimizing NNI: done in 1.90735e-06 secs using 52.43% CPU
Optimizing NNI: done in 9.53674e-07 secs using 104.9% CPU
Optimizing NNI: done in 2.14577e-06 secs using 46.6% CPU
Iteration 60 / LogL: -4830.609 / Time: 0h:0m:0s (0h:0m:0s left)
Optimizing NNI: done in 1.90735e-06 secs using 52.43% CPU
Optimizing NNI: done in 1.90735e-06 secs using 52.43% CPU
Optimizing NNI: done in 1.90735e-06 secs using 52.43% CPU
Optimizing NNI: done in 2.14577e-06 secs using 279.6% CPU
Optimizing NNI: done in 9.53674e-07 secs using 629.1% CPU
Optimizing NNI: done in 2.14577e-06 secs using 233% CPU
Optimizing NNI: done in 2.14577e-06 secs using 46.6% CPU
Optimizing NNI: done in 2.14577e-06 secs using 46.6% CPU
Optimizing NNI: done in 9.53674e-07 secs using 629.1% CPU
Optimizing NNI: done in 2.14577e-06 secs using 46.6% CPU
Iteration 70 / LogL: -4830.609 / Time: 0h:0m:0s (0h:0m:0s left)
Optimizing NNI: done in 1.90735e-06 secs using 262.1% CPU
Optimizing NNI: done in 2.14577e-06 secs using 233% CPU
Optimizing NNI: done in 1.19209e-06 secs using 83.89% CPU
Optimizing NNI: done in 2.14577e-06 secs using 46.6% CPU
Optimizing NNI: done in 1.19209e-06 secs using 83.89% CPU
Optimizing NNI: done in 2.14577e-06 secs using 46.6% CPU
Optimizing NNI: done in 2.14577e-06 secs using 46.6% CPU
Optimizing NNI: done in 2.14577e-06 secs using 279.6% CPU
Optimizing NNI: done in 2.14577e-06 secs using 279.6% CPU
Optimizing NNI: done in 2.14577e-06 secs using 46.6% CPU
Iteration 80 / LogL: -4830.609 / Time: 0h:0m:0s (0h:0m:0s left)
Optimizing NNI: done in 9.53674e-07 secs using 104.9% CPU
Optimizing NNI: done in 1.90735e-06 secs using 314.6% CPU
Optimizing NNI: done in 1.90735e-06 secs using 314.6% CPU
Optimizing NNI: done in 1.90735e-06 secs using 52.43% CPU
Optimizing NNI: done in 9.53674e-07 secs using 104.9% CPU
Optimizing NNI: done in 1.90735e-06 secs using 52.43% CPU
Optimizing NNI: done in 9.53674e-07 secs using 104.9% CPU
Optimizing NNI: done in 1.90735e-06 secs using 52.43% CPU
Optimizing NNI: done in 1.90735e-06 secs using 52.43% CPU
Optimizing NNI: done in 1.90735e-06 secs using 262.1% CPU
Iteration 90 / LogL: -4830.609 / Time: 0h:0m:0s (0h:0m:0s left)
Optimizing NNI: done in 1.90735e-06 secs using 52.43% CPU
Optimizing NNI: done in 2.14577e-06 secs using 46.6% CPU
Optimizing NNI: done in 1.90735e-06 secs using 52.43% CPU
Optimizing NNI: done in 9.53674e-07 secs using 524.3% CPU
Optimizing NNI: done in 9.53674e-07 secs
Optimizing NNI: done in 9.53674e-07 secs using 104.9% CPU
Optimizing NNI: done in 1.90735e-06 secs using 52.43% CPU
Optimizing NNI: done in 9.53674e-07 secs using 104.9% CPU
Optimizing NNI: done in 1.90735e-06 secs using 52.43% CPU
Optimizing NNI: done in 9.53674e-07 secs using 104.9% CPU
Iteration 100 / LogL: -4830.609 / Time: 0h:0m:0s (0h:0m:0s left)
Optimizing NNI: done in 2.14577e-06 secs using 46.6% CPU
TREE SEARCH COMPLETED AFTER 101 ITERATIONS / Time: 0h:0m:0s

--------------------------------------------------------------------
|                    FINALIZING TREE SEARCH                        |
--------------------------------------------------------------------
Performs final model parameters optimization
Estimate model parameters (epsilon = 0.010)
1. Initial log-likelihood: -4830.609
2. Current log-likelihood: -4830.583
3. Current log-likelihood: -4830.557
4. Current log-likelihood: -4830.545
Optimal log-likelihood: -4830.535
Rate parameters:  A-C: 2.03978  A-G: 3.17807  A-T: 1.92054  C-G: 1.47554  C-T: 2.78214  G-T: 1.00000
Base frequencies:  A: 0.307  C: 0.152  G: 0.207  T: 0.334
Proportion of invariable sites: 0.169
Gamma shape alpha: 7.610
Parameters optimization took 4 rounds (0.002 sec)
BEST SCORE FOUND : -4830.535
Total tree length: 0.958

Total number of iterations: 101
CPU time used for tree search: 0.037 sec (0h:0m:0s)
Wall-clock time used for tree search: 0.020 sec (0h:0m:0s)
Total CPU time used: 0.150 sec (0h:0m:0s)
Total wall-clock time used: 0.139 sec (0h:0m:0s)

Analysis results written to: 
  IQ-TREE report:                /Users/haileylouw/Desktop/ViralAncestral/data/Trimmed_Sequences/HmmCleaner/Replicase_Gene/FASTA_Files/Rep_MUSCLE_ires3_NT_hmm.fasta.iqtree
  Maximum-likelihood tree:       /Users/haileylouw/Desktop/ViralAncestral/data/Trimmed_Sequences/HmmCleaner/Replicase_Gene/FASTA_Files/Rep_MUSCLE_ires3_NT_hmm.fasta.treefile
  Likelihood distances:          /Users/haileylouw/Desktop/ViralAncestral/data/Trimmed_Sequences/HmmCleaner/Replicase_Gene/FASTA_Files/Rep_MUSCLE_ires3_NT_hmm.fasta.mldist
  Screen log file:               /Users/haileylouw/Desktop/ViralAncestral/data/Trimmed_Sequences/HmmCleaner/Replicase_Gene/FASTA_Files/Rep_MUSCLE_ires3_NT_hmm.fasta.log

Date and Time: Tue Jul 25 15:26:47 2023
