IQ-TREE multicore version 2.2.2.6 COVID-edition for Mac OS X 64-bit built May 27 2023
Developed by Bui Quang Minh, James Barbetti, Nguyen Lam Tung,
Olga Chernomor, Heiko Schmidt, Dominik Schrempf, Michael Woodhams, Ly Trong Nhan.

Host:    Haileys-MacBook-Pro.local (SSE4.2, 8 GB RAM)
Command: ./iqtree2 -s /Users/haileylouw/Desktop/ViralAncestral/data/Trimmed_Sequences/HmmCleaner/Replicase_Gene/FASTA_Files/Rep_MUSCLE_ires3_NT_hmm.fasta -m MFP
Seed:    917817 (Using SPRNG - Scalable Parallel Random Number Generator)
Time:    Thu Aug 10 09:48:30 2023
Kernel:  SSE2 - 1 threads (8 CPU cores detected)

HINT: Use -nt option to specify number of threads because your CPU has 8 cores!
HINT: -nt AUTO will automatically determine the best number of threads to use.

Reading alignment file /Users/haileylouw/Desktop/ViralAncestral/data/Trimmed_Sequences/HmmCleaner/Replicase_Gene/FASTA_Files/Rep_MUSCLE_ires3_NT_hmm.fasta ... Fasta format detected
Reading fasta file: done in 0.000399828 secs using 96.04% CPU
Alignment most likely contains DNA/RNA sequences
Constructing alignment: done in 0.00128317 secs using 67.72% CPU
WARNING: 9 sites contain only gaps or ambiguous characters.
Alignment has 3 sequences with 1468 columns, 79 distinct patterns
0 parsimony-informative, 752 singleton sites, 716 constant sites
WARNING: Some sequence names are changed as follows:
NC_001489, -> NC_001489_
NC_028981, -> NC_028981_
NC_027818, -> NC_027818_

            Gap/Ambiguity  Composition  p-value
Analyzing sequences: done in 1.21593e-05 secs using 65.79% CPU
   1  NC_001489_    1.63%    passed     37.86%
   2  NC_028981_    0.89%    passed     52.33%
   3  NC_027818_    1.09%    passed     52.16%
****  TOTAL         1.20%  0 sequences failed composition chi2 test (p-value<5%; df=3)
Checking for duplicate sequences: done in 2.00272e-05 secs using 74.9% CPU


Create initial parsimony tree by phylogenetic likelihood library (PLL)... 0.001 seconds
Perform fast likelihood tree search using GTR+I+G model...
Estimate model parameters (epsilon = 5.000)
Perform nearest neighbor interchange...
Optimizing NNI: done in 2.19345e-05 secs using 27.35% CPU
Estimate model parameters (epsilon = 1.000)
1. Initial log-likelihood: -4838.060
Optimal log-likelihood: -4836.265
Rate parameters:  A-C: 3.03390  A-G: 5.23496  A-T: 2.71400  C-G: 1.81708  C-T: 4.38393  G-T: 1.00000
Base frequencies:  A: 0.307  C: 0.152  G: 0.207  T: 0.334
Proportion of invariable sites: 0.242
Gamma shape alpha: 1.996
Parameters optimization took 1 rounds (0.001 sec)
Time for fast ML tree search: 0.005 seconds

NOTE: ModelFinder requires 0 MB RAM!
ModelFinder will test up to 484 DNA models (sample size: 1468) ...
 No. Model         -LnL         df  AIC          AICc         BIC
  1  GTR+F         4836.526     11  9695.052     9695.233     9753.260
  2  GTR+F+I       4830.524     12  9685.048     9685.262     9748.548
  3  GTR+F+G4      4830.608     12  9685.215     9685.429     9748.715
  4  GTR+F+I+G4    4830.942     13  9687.884     9688.134     9756.675
  5  GTR+F+R2      4830.638     13  9687.276     9687.526     9756.067
  6  GTR+F+R3      4830.708     15  9691.416     9691.747     9770.791
 14  GTR+F+I+R2    4830.700     14  9689.401     9689.690     9763.484
 15  GTR+F+I+R3    4830.687     16  9693.375     9693.750     9778.041
 23  SYM           4933.696     8   9883.393     9883.491     9925.726
 24  SYM+I         4930.521     9   9879.041     9879.165     9926.666
 25  SYM+G4        4930.209     9   9878.418     9878.542     9926.043
 26  SYM+I+G4      4931.195     10  9882.389     9882.540     9935.306
 27  SYM+R2        4930.318     10  9880.636     9880.787     9933.552
 45  TVM+F         4836.949     10  9693.899     9694.050     9746.815
 46  TVM+F+I       4830.858     11  9683.716     9683.898     9741.924
 47  TVM+F+G4      4830.981     11  9683.962     9684.143     9742.170
 48  TVM+F+I+G4    4831.259     12  9686.517     9686.732     9750.017
 49  TVM+F+R2      4831.008     12  9686.017     9686.231     9749.517
 67  TVMe          4937.492     7   9888.984     9889.061     9926.026
 68  TVMe+I        4934.333     8   9884.665     9884.764     9926.999
 69  TVMe+G4       4934.029     8   9884.058     9884.156     9926.391
 70  TVMe+I+G4     4935.078     9   9888.157     9888.280     9935.782
 71  TVMe+R2       4934.201     9   9886.401     9886.525     9934.026
 89  TIM3+F        4843.113     9   9704.226     9704.349     9751.850
 90  TIM3+F+I      4836.797     10  9693.594     9693.745     9746.511
 91  TIM3+F+G4     4837.224     10  9694.447     9694.598     9747.364
 92  TIM3+F+I+G4   4837.171     11  9696.341     9696.523     9754.550
 93  TIM3+F+R2     4837.201     11  9696.402     9696.583     9754.610
111  TIM3e         4948.993     6   9909.986     9910.043     9941.736
112  TIM3e+I       4946.085     7   9906.169     9906.246     9943.211
113  TIM3e+G4      4946.092     7   9906.184     9906.261     9943.226
114  TIM3e+I+G4    4946.818     8   9909.635     9909.734     9951.968
115  TIM3e+R2      4946.197     8   9908.393     9908.492     9950.727
133  TIM2+F        4837.193     9   9692.386     9692.509     9740.011
134  TIM2+F+I      4831.366     10  9682.733     9682.884     9735.649
135  TIM2+F+G4     4831.433     10  9682.867     9683.018     9735.783
136  TIM2+F+I+G4   4831.790     11  9685.580     9685.762     9743.788
137  TIM2+F+R2     4831.496     11  9684.992     9685.173     9743.200
155  TIM2e         4940.475     6   9892.949     9893.007     9924.699
156  TIM2e+I       4937.575     7   9889.150     9889.227     9926.192
157  TIM2e+G4      4937.291     7   9888.582     9888.658     9925.623
158  TIM2e+I+G4    4938.376     8   9892.752     9892.851     9935.085
159  TIM2e+R2      4937.487     8   9890.975     9891.073     9933.308
177  TIM+F         4841.828     9   9701.657     9701.780     9749.282
178  TIM+F+I       4835.788     10  9691.577     9691.728     9744.493
179  TIM+F+G4      4836.085     10  9692.169     9692.320     9745.086
180  TIM+F+I+G4    4836.186     11  9694.371     9694.553     9752.580
181  TIM+F+R2      4836.103     11  9694.206     9694.387     9752.414
199  TIMe          4947.566     6   9907.132     9907.189     9938.882
200  TIMe+I        4944.692     7   9903.384     9903.461     9940.426
201  TIMe+G4       4944.778     7   9903.557     9903.634     9940.598
202  TIMe+I+G4     4945.509     8   9907.018     9907.117     9949.351
203  TIMe+R2       4944.865     8   9905.729     9905.828     9948.063
221  TPM3u+F       4843.427     8   9702.853     9702.952     9745.186
222  TPM3u+F+I     4837.076     9   9692.151     9692.275     9739.776
223  TPM3u+F+G4    4837.523     9   9693.045     9693.169     9740.670
224  TPM3u+F+I+G4  4837.445     10  9694.889     9695.040     9747.806
225  TPM3u+F+R2    4837.492     10  9694.984     9695.135     9747.901
243  TPM3          4952.716     5   9915.432     9915.473     9941.890
244  TPM3+I        4949.665     6   9911.330     9911.388     9943.080
245  TPM3+G4       4949.669     6   9911.337     9911.395     9943.087
246  TPM3+I+G4     4950.423     7   9914.846     9914.923     9951.888
247  TPM3+R2       4949.766     7   9913.532     9913.609     9950.574
265  TPM2u+F       4837.595     8   9691.190     9691.289     9733.524
266  TPM2u+F+I     4831.722     9   9681.443     9681.567     9729.068
267  TPM2u+F+G4    4831.816     9   9681.632     9681.755     9729.256
268  TPM2u+F+I+G4  4832.139     10  9684.278     9684.429     9737.194
269  TPM2u+F+R2    4831.882     10  9683.764     9683.915     9736.680
287  TPM2          4944.107     5   9898.215     9898.256     9924.673
288  TPM2+I        4941.381     6   9894.763     9894.820     9926.513
289  TPM2+G4       4941.105     6   9894.209     9894.267     9925.959
290  TPM2+I+G4     4942.135     7   9898.270     9898.346     9935.311
291  TPM2+R2       4941.283     7   9896.566     9896.643     9933.608
309  K3Pu+F        4842.097     8   9700.195     9700.294     9742.528
310  K3Pu+F+I      4836.030     9   9690.060     9690.183     9737.685
311  K3Pu+F+G4     4836.341     9   9690.683     9690.806     9738.308
312  K3Pu+F+I+G4   4836.423     10  9692.846     9692.997     9745.762
313  K3Pu+F+R2     4836.353     10  9692.706     9692.857     9745.623
331  K3P           4951.096     5   9912.192     9912.233     9938.650
332  K3P+I         4948.233     6   9908.466     9908.524     9940.216
333  K3P+G4        4948.285     6   9908.571     9908.628     9940.321
334  K3P+I+G4      4949.039     7   9912.077     9912.154     9949.119
335  K3P+R2        4948.375     7   9910.749     9910.826     9947.791
353  TN+F          4843.497     8   9702.994     9703.092     9745.327
354  TN+F+I        4837.359     9   9692.718     9692.841     9740.342
355  TN+F+G4       4837.734     9   9693.467     9693.591     9741.092
356  TN+F+I+G4     4837.745     10  9695.490     9695.641     9748.406
357  TN+F+R2       4837.743     10  9695.486     9695.637     9748.402
375  TNe           4953.989     5   9917.979     9918.020     9944.437
376  TNe+I         4951.301     6   9914.602     9914.660     9946.352
377  TNe+G4        4951.414     6   9914.829     9914.886     9946.579
378  TNe+I+G4      4952.070     7   9918.139     9918.216     9955.181
379  TNe+R2        4951.507     7   9917.014     9917.090     9954.055
397  HKY+F         4843.787     7   9701.573     9701.650     9738.615
398  HKY+F+I       4837.640     8   9691.281     9691.380     9733.614
399  HKY+F+G4      4838.035     8   9692.070     9692.169     9734.403
400  HKY+F+I+G4    4838.032     9   9694.063     9694.187     9741.688
401  HKY+F+R2      4838.044     9   9694.088     9694.211     9741.713
419  K2P           4957.520     4   9923.040     9923.067     9944.206
420  K2P+I         4954.839     5   9919.678     9919.719     9946.136
421  K2P+G4        4954.911     5   9919.823     9919.864     9946.281
422  K2P+I+G4      4955.606     6   9923.211     9923.269     9954.961
423  K2P+R2        4955.012     6   9922.025     9922.082     9953.774
441  F81+F         4859.965     6   9731.931     9731.988     9763.681
442  F81+F+I       4855.132     7   9724.264     9724.341     9761.306
443  F81+F+G4      4855.155     7   9724.310     9724.387     9761.352
444  F81+F+I+G4    4855.759     8   9727.519     9727.617     9769.852
445  F81+F+R2      4855.224     8   9726.447     9726.546     9768.780
463  JC            4966.423     3   9938.845     9938.862     9954.720
464  JC+I          4964.133     4   9936.265     9936.293     9957.432
465  JC+G4         4964.149     4   9936.298     9936.326     9957.465
466  JC+I+G4       4965.007     5   9940.014     9940.055     9966.472
467  JC+R2         4964.294     5   9938.589     9938.630     9965.047
Akaike Information Criterion:           TPM2u+F+I
Corrected Akaike Information Criterion: TPM2u+F+I
Bayesian Information Criterion:         TPM2u+F+I
Best-fit model: TPM2u+F+I chosen according to BIC

All model information printed to /Users/haileylouw/Desktop/ViralAncestral/data/Trimmed_Sequences/HmmCleaner/Replicase_Gene/FASTA_Files/Rep_MUSCLE_ires3_NT_hmm.fasta.model.gz
CPU time for ModelFinder: 0.306 seconds (0h:0m:0s)
Wall-clock time for ModelFinder: 0.315 seconds (0h:0m:0s)

NOTE: 0 MB RAM (0 GB) is required!
Estimate model parameters (epsilon = 0.100)
1. Initial log-likelihood: -4831.722
Optimal log-likelihood: -4831.721
Rate parameters:  A-C: 1.63475  A-G: 2.49437  A-T: 1.63475  C-G: 1.00000  C-T: 2.49437  G-T: 1.00000
Base frequencies:  A: 0.307  C: 0.152  G: 0.207  T: 0.334
Proportion of invariable sites: 0.197
Parameters optimization took 1 rounds (0.000 sec)
Wrote distance file to... 
Computing ML distances based on estimated model parameters...
Calculating distance matrix: done in 6.00815e-05 secs using 69.91% CPU
Computing ML distances took 0.000126 sec (of wall-clock time) 0.000097 sec (of CPU time)
Setting up auxiliary I and S matrices: done in 2.09808e-05 secs using 90.56% CPU
Constructing RapidNJ tree: done in 1.90735e-06 secs using 104.9% CPU
Computing RapidNJ tree took 0.000084 sec (of wall-clock time) 0.000074 sec (of CPU time)
Log-likelihood of RapidNJ tree: -4831.721
--------------------------------------------------------------------
|             INITIALIZING CANDIDATE TREE SET                      |
--------------------------------------------------------------------
Generating 99 parsimony trees... 0.010 second
Current best score: -4831.721

Do NNI search on 1 best initial trees
Optimizing NNI: done in 4.05312e-06 secs using 197.4% CPU
Finish initializing candidate tree set (1)
Current best tree score: -4831.721 / CPU time: 0.011
Number of iterations: 1
--------------------------------------------------------------------
|               OPTIMIZING CANDIDATE TREE SET                      |
--------------------------------------------------------------------
Optimizing NNI: done in 3.09944e-06 secs using 64.53% CPU
Optimizing NNI: done in 2.14577e-06 secs using 46.6% CPU
Optimizing NNI: done in 1.90735e-06 secs using 104.9% CPU
Optimizing NNI: done in 1.90735e-06 secs using 104.9% CPU
Optimizing NNI: done in 1.90735e-06 secs using 314.6% CPU
Optimizing NNI: done in 2.14577e-06 secs using 326.2% CPU
Optimizing NNI: done in 2.14577e-06 secs using 46.6% CPU
Optimizing NNI: done in 1.90735e-06 secs using 262.1% CPU
Optimizing NNI: done in 1.90735e-06 secs using 262.1% CPU
Iteration 10 / LogL: -4831.721 / Time: 0h:0m:0s
Optimizing NNI: done in 1.90735e-06 secs using 52.43% CPU
Optimizing NNI: done in 1.90735e-06 secs using 52.43% CPU
Optimizing NNI: done in 1.90735e-06 secs using 262.1% CPU
Optimizing NNI: done in 2.14577e-06 secs using 279.6% CPU
Optimizing NNI: done in 1.90735e-06 secs using 262.1% CPU
Optimizing NNI: done in 1.90735e-06 secs using 104.9% CPU
Optimizing NNI: done in 1.90735e-06 secs using 52.43% CPU
Optimizing NNI: done in 1.90735e-06 secs using 262.1% CPU
Optimizing NNI: done in 2.14577e-06 secs using 46.6% CPU
Optimizing NNI: done in 1.90735e-06 secs using 367% CPU
Iteration 20 / LogL: -4831.721 / Time: 0h:0m:0s
Optimizing NNI: done in 1.19209e-06 secs using 83.89% CPU
Optimizing NNI: done in 1.90735e-06 secs using 52.43% CPU
Optimizing NNI: done in 1.90735e-06 secs using 262.1% CPU
Optimizing NNI: done in 2.14577e-06 secs using 279.6% CPU
Optimizing NNI: done in 1.90735e-06 secs using 52.43% CPU
Optimizing NNI: done in 2.14577e-06 secs using 46.6% CPU
Optimizing NNI: done in 1.90735e-06 secs using 52.43% CPU
Optimizing NNI: done in 1.90735e-06 secs using 52.43% CPU
Optimizing NNI: done in 2.14577e-06 secs using 46.6% CPU
Optimizing NNI: done in 1.90735e-06 secs using 52.43% CPU
Iteration 30 / LogL: -4831.721 / Time: 0h:0m:0s (0h:0m:0s left)
Optimizing NNI: done in 1.90735e-06 secs using 104.9% CPU
Optimizing NNI: done in 2.14577e-06 secs using 279.6% CPU
Optimizing NNI: done in 1.90735e-06 secs using 52.43% CPU
Optimizing NNI: done in 2.14577e-06 secs using 233% CPU
Optimizing NNI: done in 1.90735e-06 secs using 52.43% CPU
Optimizing NNI: done in 1.90735e-06 secs using 52.43% CPU
Optimizing NNI: done in 1.90735e-06 secs using 52.43% CPU
Optimizing NNI: done in 1.90735e-06 secs using 52.43% CPU
Optimizing NNI: done in 1.19209e-06 secs using 83.89% CPU
Optimizing NNI: done in 9.53674e-07 secs using 104.9% CPU
Iteration 40 / LogL: -4831.721 / Time: 0h:0m:0s (0h:0m:0s left)
Optimizing NNI: done in 9.53674e-07 secs using 104.9% CPU
Optimizing NNI: done in 2.14577e-06 secs using 46.6% CPU
Optimizing NNI: done in 1.90735e-06 secs using 52.43% CPU
Optimizing NNI: done in 9.53674e-07 secs using 524.3% CPU
Optimizing NNI: done in 2.14577e-06 secs using 93.21% CPU
Optimizing NNI: done in 1.90735e-06 secs using 52.43% CPU
Optimizing NNI: done in 2.14577e-06 secs using 279.6% CPU
Optimizing NNI: done in 9.53674e-07 secs using 104.9% CPU
Optimizing NNI: done in 1.90735e-06 secs using 314.6% CPU
Optimizing NNI: done in 9.53674e-07 secs using 209.7% CPU
Iteration 50 / LogL: -4831.721 / Time: 0h:0m:0s (0h:0m:0s left)
Optimizing NNI: done in 9.53674e-07 secs using 629.1% CPU
Optimizing NNI: done in 2.14577e-06 secs using 46.6% CPU
Optimizing NNI: done in 1.90735e-06 secs using 52.43% CPU
Optimizing NNI: done in 9.53674e-07 secs using 104.9% CPU
Optimizing NNI: done in 2.14577e-06 secs using 46.6% CPU
Optimizing NNI: done in 1.90735e-06 secs using 52.43% CPU
Optimizing NNI: done in 2.14577e-06 secs using 93.21% CPU
Optimizing NNI: done in 1.90735e-06 secs using 314.6% CPU
Optimizing NNI: done in 9.53674e-07 secs using 104.9% CPU
Optimizing NNI: done in 1.90735e-06 secs using 52.43% CPU
Iteration 60 / LogL: -4831.721 / Time: 0h:0m:0s (0h:0m:0s left)
Optimizing NNI: done in 1.90735e-06 secs using 314.6% CPU
Optimizing NNI: done in 2.14577e-06 secs using 93.21% CPU
Optimizing NNI: done in 9.53674e-07 secs using 104.9% CPU
Optimizing NNI: done in 9.53674e-07 secs using 104.9% CPU
Optimizing NNI: done in 2.14577e-06 secs using 279.6% CPU
Optimizing NNI: done in 2.14577e-06 secs using 46.6% CPU
Optimizing NNI: done in 1.90735e-06 secs using 52.43% CPU
Optimizing NNI: done in 2.14577e-06 secs using 46.6% CPU
Optimizing NNI: done in 1.90735e-06 secs using 262.1% CPU
Optimizing NNI: done in 9.53674e-07 secs using 209.7% CPU
Iteration 70 / LogL: -4831.721 / Time: 0h:0m:0s (0h:0m:0s left)
Optimizing NNI: done in 1.90735e-06 secs using 52.43% CPU
Optimizing NNI: done in 1.90735e-06 secs using 52.43% CPU
Optimizing NNI: done in 2.14577e-06 secs using 46.6% CPU
Optimizing NNI: done in 1.90735e-06 secs using 52.43% CPU
Optimizing NNI: done in 1.19209e-06 secs using 503.3% CPU
Optimizing NNI: done in 1.90735e-06 secs using 52.43% CPU
Optimizing NNI: done in 2.14577e-06 secs using 46.6% CPU
Optimizing NNI: done in 1.90735e-06 secs using 262.1% CPU
Optimizing NNI: done in 9.53674e-07 secs using 104.9% CPU
Optimizing NNI: done in 1.90735e-06 secs using 52.43% CPU
Iteration 80 / LogL: -4831.721 / Time: 0h:0m:0s (0h:0m:0s left)
Optimizing NNI: done in 9.53674e-07 secs using 104.9% CPU
Optimizing NNI: done in 2.14577e-06 secs using 46.6% CPU
Optimizing NNI: done in 9.53674e-07 secs using 104.9% CPU
Optimizing NNI: done in 9.53674e-07 secs using 524.3% CPU
Optimizing NNI: done in 1.90735e-06 secs using 52.43% CPU
Optimizing NNI: done in 9.53674e-07 secs using 104.9% CPU
Optimizing NNI: done in 2.14577e-06 secs using 233% CPU
Optimizing NNI: done in 1.90735e-06 secs using 52.43% CPU
Optimizing NNI: done in 1.19209e-06 secs using 83.89% CPU
Optimizing NNI: done in 1.90735e-06 secs using 52.43% CPU
Iteration 90 / LogL: -4831.721 / Time: 0h:0m:0s (0h:0m:0s left)
Optimizing NNI: done in 9.53674e-07 secs using 104.9% CPU
Optimizing NNI: done in 9.53674e-07 secs using 104.9% CPU
Optimizing NNI: done in 1.90735e-06 secs using 314.6% CPU
Optimizing NNI: done in 2.14577e-06 secs using 46.6% CPU
Optimizing NNI: done in 9.53674e-07 secs using 104.9% CPU
Optimizing NNI: done in 1.90735e-06 secs using 52.43% CPU
Optimizing NNI: done in 9.53674e-07 secs using 104.9% CPU
Optimizing NNI: done in 1.90735e-06 secs using 314.6% CPU
Optimizing NNI: done in 9.53674e-07 secs using 104.9% CPU
Optimizing NNI: done in 1.90735e-06 secs using 52.43% CPU
Iteration 100 / LogL: -4831.721 / Time: 0h:0m:0s (0h:0m:0s left)
Optimizing NNI: done in 2.14577e-06 secs using 46.6% CPU
TREE SEARCH COMPLETED AFTER 101 ITERATIONS / Time: 0h:0m:0s

--------------------------------------------------------------------
|                    FINALIZING TREE SEARCH                        |
--------------------------------------------------------------------
Performs final model parameters optimization
Estimate model parameters (epsilon = 0.010)
1. Initial log-likelihood: -4831.721
Optimal log-likelihood: -4831.721
Rate parameters:  A-C: 1.63362  A-G: 2.49503  A-T: 1.63362  C-G: 1.00000  C-T: 2.49503  G-T: 1.00000
Base frequencies:  A: 0.307  C: 0.152  G: 0.207  T: 0.334
Proportion of invariable sites: 0.197
Parameters optimization took 1 rounds (0.000 sec)
BEST SCORE FOUND : -4831.721
Total tree length: 0.925

Total number of iterations: 101
CPU time used for tree search: 0.036 sec (0h:0m:0s)
Wall-clock time used for tree search: 0.019 sec (0h:0m:0s)
Total CPU time used: 0.061 sec (0h:0m:0s)
Total wall-clock time used: 0.044 sec (0h:0m:0s)

Analysis results written to: 
  IQ-TREE report:                /Users/haileylouw/Desktop/ViralAncestral/data/Trimmed_Sequences/HmmCleaner/Replicase_Gene/FASTA_Files/Rep_MUSCLE_ires3_NT_hmm.fasta.iqtree
  Maximum-likelihood tree:       /Users/haileylouw/Desktop/ViralAncestral/data/Trimmed_Sequences/HmmCleaner/Replicase_Gene/FASTA_Files/Rep_MUSCLE_ires3_NT_hmm.fasta.treefile
  Likelihood distances:          /Users/haileylouw/Desktop/ViralAncestral/data/Trimmed_Sequences/HmmCleaner/Replicase_Gene/FASTA_Files/Rep_MUSCLE_ires3_NT_hmm.fasta.mldist
  Screen log file:               /Users/haileylouw/Desktop/ViralAncestral/data/Trimmed_Sequences/HmmCleaner/Replicase_Gene/FASTA_Files/Rep_MUSCLE_ires3_NT_hmm.fasta.log

Date and Time: Thu Aug 10 09:48:31 2023
