
RAxML-NG v. 1.2.0 released on 09.05.2023 by The Exelixis Lab.
Developed by: Alexey M. Kozlov and Alexandros Stamatakis.
Contributors: Diego Darriba, Tomas Flouri, Benoit Morel, Sarah Lutteropp, Ben Bettisworth, Julia Haag, Anastasis Togkousidis.
Latest version: https://github.com/amkozlov/raxml-ng
Questions/problems/suggestions? Please visit: https://groups.google.com/forum/#!forum/raxml

System: Apple M1, 8 cores, 8 GB RAM

RAxML-NG was called at 11-Nov-2024 09:59:17 as follows:

./raxml-ng/raxml-ng --ancestral --msa ./five_utr_seq_new_names.fasta --tree ./rep_gtr_tree_new_names.treefile --msa-format FASTA --data-type DNA --model GTR+F+I+G4

Analysis options:
  run mode: Ancestral state reconstruction
  start tree(s): user
  random seed: 1731340757
  tip-inner: ON
  pattern compression: OFF
  per-rate scalers: OFF
  site repeats: OFF
  logLH epsilon: general: 10.000000, brlen-triplet: 1000.000000
  branch lengths: proportional (ML estimate, algorithm: NR-FAST)
  SIMD kernels: SSE3
  parallelization: coarse-grained (auto), PTHREADS (auto)

[00:00:00] Reading alignment from file: ./five_utr_seq_new_names.fasta
[00:00:00] Loaded alignment with 18 taxa and 1059 sites

WARNING: Fully undetermined columns found: 82

NOTE: Reduced alignment (with duplicates and gap-only sites/taxa removed) 
NOTE: was saved to: /Users/haileylouw/Desktop/ViralAncestral/Results_Fall_2024/5-UTR/GTR_Seq+LG_Tree/five_utr_seq_new_names.fasta.raxml.reduced.phy

Alignment comprises 1 partitions and 977 sites

Partition 0: noname
Model: GTR+FC+I+G4m
Alignment sites: 977
Gaps: 32.11 %
Invariant sites: 26.31 %


NOTE: Binary MSA file created: ./five_utr_seq_new_names.fasta.raxml.rba

Parallelization scheme autoconfig: 1 worker(s) x 8 thread(s)

[00:00:00] Loading user starting tree(s) from: ./rep_gtr_tree_new_names.treefile
Parallel reduction/worker buffer size: 1 KB  / 0 KB

[00:00:00] Data distribution: max. partitions/sites/weight per thread: 1 / 123 / 1968
[00:00:00] Data distribution: max. searches per worker: 1

Starting ML tree search with 1 distinct starting trees

[00:00:00] Tree #1, initial LogLikelihood: -9898.145605

[00:00:00 -9898.145605] Initial branch length optimization
[00:00:00 -9360.974588] Model parameter optimization (eps = 10.000000)

[00:00:00] Tree #1, final logLikelihood: -9232.694330


Optimized model parameters:

   Partition 0: noname
   Rate heterogeneity: GAMMA (4 cats, mean),  alpha: 0.947640 (ML),  weights&rates: (0.250000,0.126392) (0.250000,0.460428) (0.250000,0.990752) (0.250000,2.422429) 
   P-inv (ML): 0.093113
   Base frequencies (empirical): 0.233353 0.262794 0.235447 0.268406 
   Substitution rates (ML): 1.605883 2.884904 2.389399 0.845251 3.509260 1.000000 

Marginal ancestral probabilities saved to: /Users/haileylouw/Desktop/ViralAncestral/Results_Fall_2024/5-UTR/GTR_Seq+LG_Tree/five_utr_seq_new_names.fasta.raxml.ancestralProbs
Reconstructed ancestral sequences saved to: /Users/haileylouw/Desktop/ViralAncestral/Results_Fall_2024/5-UTR/GTR_Seq+LG_Tree/five_utr_seq_new_names.fasta.raxml.ancestralStates
Node-labeled tree saved to: /Users/haileylouw/Desktop/ViralAncestral/Results_Fall_2024/5-UTR/GTR_Seq+LG_Tree/five_utr_seq_new_names.fasta.raxml.ancestralTree

Execution log saved to: /Users/haileylouw/Desktop/ViralAncestral/Results_Fall_2024/5-UTR/GTR_Seq+LG_Tree/five_utr_seq_new_names.fasta.raxml.log

Analysis started: 11-Nov-2024 09:59:17 / finished: 11-Nov-2024 09:59:18

Elapsed time: 0.782 seconds

